[22:30:40] [1/INFO] [tML]: Starting tModLoader v0.11.8.4 Win32NT client (27/08/2021)
[22:30:40] [1/INFO] [tML]: Running on NetFramework 4.8
[22:30:40] [1/INFO] [tML]: Engine: FNA
[22:30:40] [1/INFO] [tML]: Executable: G:\SteamLibrary\steamapps\common\tModLoader\tModLoader64bit.exe
[22:30:40] [1/INFO] [tML]: Working Directory: G:\SteamLibrary\steamapps\common\tModLoader
[22:30:40] [1/INFO] [tML]: Launch Parameters: 
[22:30:40] [1/DEBUG] [tML]: Assembly Resolve:  -> MonoMod.RuntimeDetour, Version=19.12.19.1, Culture=neutral, PublicKeyToken=null
[22:30:40] [1/DEBUG] [tML]: Assembly Resolve: MonoMod.RuntimeDetour, Version=19.12.19.1, Culture=neutral, PublicKeyToken=null -> MonoMod.Utils, Version=19.12.19.1, Culture=neutral, PublicKeyToken=null
[22:30:40] [1/DEBUG] [tML]: Assembly Resolve: MonoMod.RuntimeDetour, Version=19.12.19.1, Culture=neutral, PublicKeyToken=null -> Mono.Cecil, Version=0.11.1.0, Culture=neutral, PublicKeyToken=50cebf1cceb9d05e
[22:30:40] [1/DEBUG] [tML]: Assembly Resolve:  -> Ionic.Zip.Reduced, Version=1.9.1.8, Culture=neutral, PublicKeyToken=edbe51ad942a3f5c
[22:30:40] [1/DEBUG] [tML]: Assembly Resolve:  -> FNA, Version=20.4.0.0, Culture=neutral, PublicKeyToken=null
[22:30:40] [1/DEBUG] [tML]: Assembly Resolve:  -> Newtonsoft.Json, Version=10.0.0.0, Culture=neutral, PublicKeyToken=30ad4fe6b2a6aeed
[22:30:40] [1/DEBUG] [tML]: Assembly Resolve:  -> Steamworks.NET, Version=9.1.0.0, Culture=neutral, PublicKeyToken=null
[22:30:41] [1/DEBUG] [tML]: Assembly Resolve: ReLogic, Version=1.0.0.0, Culture=neutral, PublicKeyToken=null -> FNA, Version=17.4.0.0, Culture=neutral, PublicKeyToken=null
[22:30:41] [1/WARN] [tML]: Upgraded Reference FNA -> Version=17.4.0.0 -> 20.4.0.0
[22:30:41] [1/WARN] [tML]: Silently Caught Exception: 
System.DllNotFoundException: Unable to load DLL '/usr/lib/libobjc.A.dylib': Não foi possível encontrar o módulo especificado. (Exception from HRESULT: 0x8007007E)
   at Microsoft.Xna.Framework.Graphics.MetalDevice.sel_registerName(Byte[] name)
   at Microsoft.Xna.Framework.Graphics.MetalDevice..cctor()
   at Microsoft.Xna.Framework.SDL2_FNAPlatform.CreateWindow()
   at Microsoft.Xna.Framework.Game..ctor()
   at Terraria.Main..ctor()
   at Terraria.Program.LaunchGame_()
   at Terraria.Program.LaunchGame(String[] args, Boolean monoArgs)
   at Terraria.FNALaunch.Main(String[] args)

[22:30:41] [1/DEBUG] [tML]: Hook On.Terraria.IO.WorldFile::LoadChests(BinaryReader) added by tModLoader
[22:30:41] [1/DEBUG] [tML]: Hook On.Terraria.IO.WorldFile::SaveChests(BinaryWriter) added by tModLoader
[22:30:41] [1/INFO] [tML]: Checking Steam installation...
[22:30:41] [1/INFO] [tML]: Steam installation OK.
[22:30:43] [1/DEBUG] [Terraria]: Graphics Device: Generic PnP Monitor {{Width:1600 Height:900 Format:Color}}
[22:30:51] [1/INFO] [Terraria]: Loaded 1000 vanilla assets
[22:30:52] [1/INFO] [Terraria]: Loaded 2000 vanilla assets
[22:30:52] [1/INFO] [Terraria]: Loaded 3000 vanilla assets
[22:30:53] [1/INFO] [Terraria]: Loaded 4000 vanilla assets
[22:30:53] [1/INFO] [Terraria]: Loaded 5000 vanilla assets
[22:30:54] [1/DEBUG] [tML]: Assembly Resolve: FNA, Version=20.4.0.0, Culture=neutral, PublicKeyToken=null -> ReLogic
[22:30:54] [1/WARN] [tML]: Upgraded Reference ReLogic -> Version= -> 1.0.0.0
[22:30:54] [1/DEBUG] [tML]: Assembly Resolve: FNA, Version=20.4.0.0, Culture=neutral, PublicKeyToken=null -> ReLogic
[22:30:54] [1/WARN] [tML]: Upgraded Reference ReLogic -> Version= -> 1.0.0.0
[22:30:56] [1/DEBUG] [tML]: Fallback synchronization context assigned
[22:30:56] [6/INFO] [Terraria]: JIT loading finished
[22:31:00] [11/INFO] [tML]: Unloading mods
[22:31:00] [11/INFO] [tML]: Finding Mods...
[22:31:01] [11/WARN] [tML]: Silently Caught Exception: 
System.Exception: Hash mismatch, data blob has been modified or corrupted
   em Terraria.ModLoader.Core.TmodFile.Read()
   em Terraria.ModLoader.Core.TmodFile.Open()
   em Terraria.ModLoader.Core.ModOrganizer.FindMods()
   em Terraria.ModLoader.Core.ModOrganizer.LoadMods(CancellationToken token)
   em Terraria.ModLoader.ModLoader.Load(CancellationToken token)
   em System.Threading.Tasks.Task.Execute()
   em System.Threading.ExecutionContext.RunInternal(ExecutionContext executionContext, ContextCallback callback, Object state, Boolean preserveSyncCtx)
   em System.Threading.ExecutionContext.Run(ExecutionContext executionContext, ContextCallback callback, Object state, Boolean preserveSyncCtx)
   em System.Threading.Tasks.Task.ExecuteWithThreadLocal(Task& currentTaskSlot)
   em System.Threading.Tasks.Task.ExecuteEntry(Boolean bPreventDoubleExecution)
   em System.Threading.ThreadPoolWorkQueue.Dispatch()

[22:31:01] [11/WARN] [tML]: Failed to read C:\Users\thrib\Documents\My Games\Terraria\ModLoader\Mods\Polarities.tmod
System.Exception: Hash mismatch, data blob has been modified or corrupted
   em Terraria.ModLoader.Core.TmodFile.Read()
   em Terraria.ModLoader.Core.TmodFile.Open()
   em Terraria.ModLoader.Core.ModOrganizer.FindMods()
[22:31:02] [11/INFO] [tML]: Sandboxing: CalamityMod
[22:31:04] [11/INFO] [tML]: Sandboxing: CalamityModMusic
[22:31:04] [11/INFO] [tML]: Sandboxing: AlchemistNPCLite
[22:31:04] [11/INFO] [tML]: Sandboxing: AutoTrash
[22:31:04] [11/INFO] [tML]: Sandboxing: BaseMod
[22:31:04] [11/INFO] [tML]: Sandboxing: BossChecklist
[22:31:04] [11/INFO] [tML]: Sandboxing: BossCursor
[22:31:04] [11/INFO] [tML]: Sandboxing: BothEvils
[22:31:04] [11/INFO] [tML]: Sandboxing: CalValEX
[22:31:05] [11/INFO] [tML]: Sandboxing: CataclysmMod
[22:31:08] [11/INFO] [tML]: Sandboxing: Fargowiltas
[22:31:08] [11/INFO] [tML]: Sandboxing: FargowiltasSouls
[22:31:08] [11/INFO] [tML]: Sandboxing: FargowiltasMusic
[22:31:08] [11/INFO] [tML]: Sandboxing: FargowiltasSoulsDLC
[22:31:09] [11/INFO] [tML]: Sandboxing: FKBossHealthBar
[22:31:09] [11/INFO] [tML]: Sandboxing: FunctionalBlockSwap
[22:31:09] [11/INFO] [tML]: Sandboxing: LansUnlimitedBuffSlots
[22:31:09] [11/INFO] [tML]: Sandboxing: MagicStorageExtra
[22:31:09] [11/INFO] [tML]: Sandboxing: MaxStackExtra
[22:31:09] [11/INFO] [tML]: Sandboxing: RecipeBrowser
[22:31:09] [11/INFO] [tML]: Sandboxing: ResearchFrom14
[22:31:09] [11/INFO] [tML]: Sandboxing: SmartDoors
[22:31:09] [11/INFO] [tML]: Sandboxing: UtilityBombMod
[22:31:09] [11/INFO] [tML]: Sandboxing: VeinMiner
[22:31:09] [11/INFO] [tML]: Sandboxing: WeaponOutLite
[22:31:09] [11/INFO] [tML]: Sandboxing: Wildlife
[22:31:09] [11/INFO] [tML]: Sandboxing: WMITF
[22:31:09] [11/INFO] [tML]: Instantiating Mods...
[22:31:10] [11/DEBUG] [tML]: Assembly Resolve: CalamityMod_0, Version=0.0.0.0, Culture=neutral, PublicKeyToken=null -> Terraria, Version=1.3.5.3, Culture=neutral, PublicKeyToken=null
[22:31:10] [11/DEBUG] [tML]: Assembly Resolve: CalamityMod_0, Version=0.0.0.0, Culture=neutral, PublicKeyToken=null -> FNA, Version=17.3.0.0, Culture=neutral, PublicKeyToken=null
[22:31:10] [11/WARN] [tML]: Upgraded Reference FNA -> Version=17.3.0.0 -> 20.4.0.0
[22:31:11] [11/DEBUG] [tML]: Assembly Resolve: AlchemistNPCLite_0, Version=0.0.0.0, Culture=neutral, PublicKeyToken=null -> Terraria, Version=1.3.5.1, Culture=neutral, PublicKeyToken=null
[22:31:13] [11/DEBUG] [tML]: Assembly Resolve: Fargowiltas_0, Version=0.0.0.0, Culture=neutral, PublicKeyToken=null -> MonoMod.RuntimeDetour, Version=20.11.16.1, Culture=neutral, PublicKeyToken=null
[22:31:13] [11/WARN] [tML]: Upgraded Reference MonoMod.RuntimeDetour -> Version=20.11.16.1 -> 19.12.19.1
[22:31:13] [11/DEBUG] [tML]: Assembly Resolve: Fargowiltas_0, Version=0.0.0.0, Culture=neutral, PublicKeyToken=null -> MonoMod.Utils, Version=20.11.16.1, Culture=neutral, PublicKeyToken=null
[22:31:13] [11/WARN] [tML]: Upgraded Reference MonoMod.Utils -> Version=20.11.16.1 -> 19.12.19.1
[22:31:13] [11/WARN] [tML]: Granted native detouring access to Fargowiltas_0
[22:31:13] [11/DEBUG] [tML]: Hook Terraria.ModLoader.ModContent::LoadModContent(CancellationToken, Action`1) -> Fargowiltas.Fargowiltas::LoadHook(Action`2, CancellationToken, Action`1) by Fargowiltas_0
[22:31:13] [11/DEBUG] [tML]: Hook IL.Terraria.ModLoader.ModContent::Load(CancellationToken) modified by Fargowiltas_0
[22:31:13] [11/DEBUG] [tML]: Assembly Resolve: Fargowiltas_0, Version=0.0.0.0, Culture=neutral, PublicKeyToken=null -> Mono.Cecil, Version=0.11.3.0, Culture=neutral, PublicKeyToken=50cebf1cceb9d05e
[22:31:13] [11/WARN] [tML]: Upgraded Reference Mono.Cecil -> Version=0.11.3.0 -> 0.11.1.0
[22:31:18] [11/WARN] [tML]: Tried to forward ErrorLogger.Log for mod WeaponOutLite but failed (mod not found!)
[22:31:19] [11/INFO] [tML]: Initializing: ModLoader v0.11.8.4
[22:31:21] [11/INFO] [tML]: Initializing: CalamityMod v1.4.5.7
[22:31:21] [11/DEBUG] [tML]: Assembly Resolve:  -> MP3Sharp, Version=1.0.0.0, Culture=neutral, PublicKeyToken=null
[22:31:21] [11/DEBUG] [tML]: Assembly Resolve:  -> NVorbis, Version=0.8.4.0, Culture=neutral, PublicKeyToken=null
[22:31:28] [11/DEBUG] [tML]: Assembly Resolve: CalamityMod_0, Version=0.0.0.0, Culture=neutral, PublicKeyToken=null -> MonoMod.Utils, Version=20.5.14.1, Culture=neutral, PublicKeyToken=null
[22:31:28] [11/WARN] [tML]: Upgraded Reference MonoMod.Utils -> Version=20.5.14.1 -> 19.12.19.1
[22:31:28] [11/DEBUG] [tML]: Assembly Resolve: CalamityMod_0, Version=0.0.0.0, Culture=neutral, PublicKeyToken=null -> TerrariaHooks, Version=0.0.0.0, Culture=neutral, PublicKeyToken=null
[22:31:28] [11/DEBUG] [tML]: Hook IL.Terraria.Wiring::HitWireSingle(int, int) modified by CalamityMod_0
[22:31:28] [11/DEBUG] [tML]: Assembly Resolve: CalamityMod_0, Version=0.0.0.0, Culture=neutral, PublicKeyToken=null -> Mono.Cecil, Version=0.11.2.0, Culture=neutral, PublicKeyToken=50cebf1cceb9d05e
[22:31:28] [11/WARN] [tML]: Upgraded Reference Mono.Cecil -> Version=0.11.2.0 -> 0.11.1.0
[22:31:28] [11/DEBUG] [tML]: Hook On.Terraria.Main::InitLifeBytes() added by CalamityMod_0
[22:31:28] [11/DEBUG] [tML]: Hook On.Terraria.NPC::SlimeRainSpawns(int) added by CalamityMod_0
[22:31:28] [11/DEBUG] [tML]: Hook IL.Terraria.WorldGen::MakeDungeon(int, int) modified by CalamityMod_0
[22:31:28] [11/DEBUG] [tML]: Hook IL.Terraria.WorldGen::GrowLivingTree(int, int) modified by CalamityMod_0
[22:31:28] [11/DEBUG] [tML]: Hook On.Terraria.WorldGen::OpenDoor(int, int, int) added by CalamityMod_0
[22:31:28] [11/DEBUG] [tML]: Hook On.Terraria.WorldGen::CloseDoor(int, int, bool) added by CalamityMod_0
[22:31:28] [11/DEBUG] [tML]: Hook IL.Terraria.Main::UpdateTime() modified by CalamityMod_0
[22:31:28] [11/DEBUG] [tML]: Hook On.Terraria.Main::UpdateTime_SpawnTownNPCs() added by CalamityMod_0
[22:31:29] [11/INFO] [tML]: Initializing: CalamityModMusic v1.4.5.3
[22:31:30] [11/INFO] [tML]: Initializing: AlchemistNPCLite v1.7.4
[22:31:30] [11/INFO] [tML]: Initializing: AutoTrash v0.5.1
[22:31:31] [11/INFO] [tML]: Initializing: BaseMod v2.0.0.0
[22:31:31] [11/INFO] [tML]: Initializing: BossChecklist v1.1.5.5
[22:31:31] [11/DEBUG] [tML]: Hook On.Terraria.GameContent.Events.DD2Event::WinInvasionInternal() added by BossChecklist_0
[22:31:31] [11/INFO] [BossChecklist]: Boss Log integration messages will not be logged.
[22:31:32] [11/INFO] [tML]: Initializing: BossCursor v1.5.1
[22:31:32] [11/INFO] [tML]: Initializing: BothEvils v3.1
[22:31:32] [11/INFO] [tML]: Initializing: CalValEX v8.3.1
[22:31:33] [11/DEBUG] [tML]: Hook IL.Terraria.Wiring::HitWireSingle(int, int) modified by CalValEX_0
[22:31:33] [11/DEBUG] [tML]: Hook IL.Terraria.Wiring::HitWireSingle(int, int) modified by CalValEX_0
[22:31:33] [11/DEBUG] [tML]: Hook IL.Terraria.Wiring::HitWireSingle(int, int) modified by CalValEX_0
[22:31:33] [11/DEBUG] [tML]: Hook IL.Terraria.Wiring::HitWireSingle(int, int) modified by CalValEX_0
[22:31:33] [11/DEBUG] [tML]: Hook IL.Terraria.Wiring::HitWireSingle(int, int) modified by CalValEX_0
[22:31:34] [11/DEBUG] [tML]: Hook IL.Terraria.Wiring::HitWireSingle(int, int) modified by CalValEX_0
[22:31:34] [11/DEBUG] [tML]: Hook IL.Terraria.Wiring::HitWireSingle(int, int) modified by CalValEX_0
[22:31:34] [11/DEBUG] [tML]: Hook IL.Terraria.Wiring::HitWireSingle(int, int) modified by CalValEX_0
[22:31:34] [11/DEBUG] [tML]: Hook IL.Terraria.Wiring::HitWireSingle(int, int) modified by CalValEX_0
[22:31:34] [11/DEBUG] [tML]: Hook IL.Terraria.Wiring::HitWireSingle(int, int) modified by CalValEX_0
[22:31:34] [11/DEBUG] [tML]: Hook IL.Terraria.Wiring::HitWireSingle(int, int) modified by CalValEX_0
[22:31:34] [11/DEBUG] [tML]: Hook IL.Terraria.Wiring::HitWireSingle(int, int) modified by CalValEX_0
[22:31:34] [11/DEBUG] [tML]: Hook IL.Terraria.Wiring::HitWireSingle(int, int) modified by CalValEX_0
[22:31:34] [11/DEBUG] [tML]: Hook IL.Terraria.Wiring::HitWireSingle(int, int) modified by CalValEX_0
[22:31:35] [11/INFO] [tML]: Initializing: CataclysmMod v1.1.0.1
[22:31:35] [11/DEBUG] [CataclysmMod]: Loading mod-dependent content...
[22:31:35] [11/DEBUG] [tML]: Assembly Resolve: CataclysmMod_0, Version=0.0.0.0, Culture=neutral, PublicKeyToken=null -> CalamityMod_0, Version=0.0.0.0, Culture=neutral, PublicKeyToken=null
[22:31:35] [11/DEBUG] [tML]: Hook IL.CalamityMod.CalPlayer.CalamityPlayerMiscEffects::MiscEffects(Player, CalamityPlayer, Mod) modified by CataclysmMod_0
[22:31:35] [11/DEBUG] [CataclysmMod]: Preparing direct dependency content...
[22:31:35] [11/DEBUG] [CataclysmMod]: Loading direct dependency content...
[22:31:35] [11/DEBUG] [tML]: Assembly Resolve: CataclysmMod.DirectCalamityDependencies, Version=1.0.0.0, Culture=neutral, PublicKeyToken=null -> CataclysmMod, Version=1.0.0.0, Culture=neutral, PublicKeyToken=null
[22:31:35] [11/DEBUG] [CataclysmMod]: Loaded mod-dependent content.
[22:31:36] [11/INFO] [tML]: Initializing: FargowiltasSouls v1.3.96.5
[22:31:37] [11/INFO] [FargowiltasSouls]: ToggleCollections found: 4
[22:31:37] [11/INFO] [tML]: Initializing: FargowiltasMusic v1.0.1.2
[22:31:38] [11/INFO] [tML]: Initializing: FargowiltasSoulsDLC v0.3.1
[22:31:38] [11/INFO] [tML]: Initializing: FKBossHealthBar v1.3.2
[22:31:39] [11/INFO] [tML]: Initializing: FunctionalBlockSwap v1.0.6.5
[22:31:39] [11/DEBUG] [tML]: Hook On.Terraria.Player::PlaceThing() added by FunctionalBlockSwap_0
[22:31:39] [11/INFO] [tML]: Initializing: LansUnlimitedBuffSlots v0.2.1
[22:31:39] [11/INFO] [tML]: Initializing: MagicStorageExtra v0.5.4.3
[22:31:39] [11/DEBUG] [tML]: Hook On.Terraria.NetMessage::SendData(int, int, int, NetworkText, int, float, float, float, int, int, int) added by MagicStorageExtra_0
[22:31:40] [1/WARN] [tML]: Silently Caught Exception: 
System.Collections.Generic.KeyNotFoundException: The given key was not present in the dictionary.
   at System.ThrowHelper.ThrowKeyNotFoundException()
   at System.Collections.Generic.Dictionary`2.get_Item(TKey key)
   at MagicStorageExtra.CraftingGUI.Update(GameTime gameTime) in MagicStorageExtra\CraftingGUI.cs:line 415
   at Terraria.ModLoader.ModHooks.PostUpdateInput()
   at Terraria.Main.DoUpdate_HandleInput()
   at Terraria.Main.DoUpdate(GameTime gameTime)
   at Terraria.Main.Update(GameTime gameTime)
   at Microsoft.Xna.Framework.Game.Tick()
   at Microsoft.Xna.Framework.SDL2_FNAPlatform.RunLoop(Game game)
   at Microsoft.Xna.Framework.Game.Run()
   at Terraria.Program.LaunchGame_()
   at Terraria.Program.LaunchGame(String[] args, Boolean monoArgs)
   at Terraria.FNALaunch.Main(String[] args)

[22:31:40] [11/DEBUG] [tML]: Hook On.Terraria.MessageBuffer::GetData(int, int, out int) added by MagicStorageExtra_0
[22:31:40] [11/INFO] [tML]: Initializing: MaxStackExtra v1.1.0.4
[22:31:40] [11/INFO] [tML]: Initializing: RecipeBrowser v0.8.9
[22:31:41] [11/DEBUG] [tML]: Hook On.Terraria.Recipe::FindRecipes() added by RecipeBrowser_0
[22:31:41] [11/DEBUG] [tML]: Hook On.Terraria.Player::AdjTiles() added by RecipeBrowser_0
[22:31:41] [11/INFO] [tML]: Initializing: ResearchFrom14 v2.0
[22:31:41] [11/INFO] [tML]: Initializing: SmartDoors v1.3.3
[22:31:41] [11/DEBUG] [tML]: Hook IL.Terraria.Player::Update(int) modified by SmartDoors_0
[22:31:42] [11/DEBUG] [tML]: Hook IL.Terraria.Player::DashMovement() modified by SmartDoors_0
[22:31:42] [11/INFO] [tML]: Initializing: UtilityBombMod v0.2.5
[22:31:42] [11/INFO] [tML]: Initializing: VeinMiner v1.3.1
[22:31:43] [11/DEBUG] [tML]: Web Request: http://textuploader.com/dhrr7/raw
[22:31:43] [11/DEBUG] [tML]: Web Request: https://textuploader.com/dhrr7/raw
[22:31:44] [11/INFO] [tML]: Initializing: WeaponOutLite v0.1
[22:31:44] [11/INFO] [tML]: Initializing: Wildlife v0.14
[22:31:45] [11/INFO] [tML]: Initializing: WMITF v2.6.2
[22:31:45] [11/INFO] [tML]: Initializing: Fargowiltas v2.4.1.1
[22:31:45] [11/INFO] [tML]: Setting up...
[22:31:46] [11/INFO] [tML]: Loading: ModLoader v0.11.8.4
[22:31:46] [11/INFO] [tML]: Loading: CalamityMod v1.4.5.7
[22:31:48] [11/INFO] [CalamityMod]: ModLoader version > 0.11.7.7 detected. Mechworm UUID workaround is disabled.
[22:31:49] [11/INFO] [tML]: Loading: CalamityModMusic v1.4.5.3
[22:31:49] [11/DEBUG] [tML]: Hook IL.Terraria.Main::UpdateAudio() modified by CalamityModMusic_0
[22:31:50] [11/INFO] [tML]: Loading: AlchemistNPCLite v1.7.4
[22:31:50] [11/INFO] [tML]: Loading: AutoTrash v0.5.1
[22:31:51] [11/INFO] [tML]: Loading: BaseMod v2.0.0.0
[22:31:51] [11/INFO] [tML]: Loading: BossChecklist v1.1.5.5
[22:31:51] [11/INFO] [tML]: Loading: BossCursor v1.5.1
[22:31:52] [11/INFO] [tML]: Loading: BothEvils v3.1
[22:31:52] [11/INFO] [tML]: Loading: CalValEX v8.3.1
[22:31:53] [11/INFO] [tML]: Loading: CataclysmMod v1.1.0.1
[22:31:53] [11/WARN] [CataclysmMod]: There was content in Cataclysm that depends on: ThoriumMod! This content was not loaded as the given mod is not enabled.
[22:31:53] [11/WARN] [CataclysmMod]: There was content in Cataclysm that depends on: ClickerClass! This content was not loaded as the given mod is not enabled.
[22:31:53] [11/INFO] [tML]: Loading: FargowiltasSouls v1.3.96.5
[22:31:55] [11/INFO] [Terraria]: Loaded 6000 vanilla assets
[22:31:56] [11/WARN] [BossChecklist]: Boss Display Texture for Fargo's Souls Mod Abominationn named FargowiltasSouls/NPCs/DeviBoss/AbomBoss_Still is missing
[22:31:56] [11/WARN] [BossChecklist]: Boss Head Icon Texture for Fargo's Souls Mod Abominationn named FargowiltasSouls/NPCs/DeviBoss/AbomBoss_Head_Boss is missing
[22:31:56] [11/WARN] [BossChecklist]: Boss Display Texture for Fargo's Souls Mod Mutant named FargowiltasSouls/NPCs/DeviBoss/MutantBoss_Still is missing
[22:31:56] [11/WARN] [BossChecklist]: Boss Head Icon Texture for Fargo's Souls Mod Mutant named FargowiltasSouls/NPCs/DeviBoss/MutantBoss_Head_Boss is missing
[22:31:56] [11/INFO] [tML]: Loading: FargowiltasMusic v1.0.1.2
[22:31:56] [11/INFO] [tML]: Loading: FargowiltasSoulsDLC v0.3.1
[22:31:56] [11/DEBUG] [tML]: Assembly Resolve: FargowiltasSoulsDLC_0, Version=0.0.0.0, Culture=neutral, PublicKeyToken=null -> FargowiltasSouls_0, Version=0.0.0.0, Culture=neutral, PublicKeyToken=null
[22:31:57] [11/INFO] [tML]: Loading: FKBossHealthBar v1.3.2
[22:31:57] [11/INFO] [tML]: Loading: FunctionalBlockSwap v1.0.6.5
[22:31:57] [11/INFO] [tML]: Loading: LansUnlimitedBuffSlots v0.2.1
[22:31:58] [11/INFO] [tML]: Loading: MagicStorageExtra v0.5.4.3
[22:31:58] [11/INFO] [tML]: Loading: MaxStackExtra v1.1.0.4
[22:31:59] [11/INFO] [tML]: Loading: RecipeBrowser v0.8.9
[22:31:59] [11/INFO] [tML]: Loading: ResearchFrom14 v2.0
[22:31:59] [11/INFO] [tML]: Loading: SmartDoors v1.3.3
[22:32:00] [11/INFO] [tML]: Loading: UtilityBombMod v0.2.5
[22:32:00] [11/INFO] [tML]: Loading: VeinMiner v1.3.1
[22:32:00] [11/INFO] [tML]: Loading: WeaponOutLite v0.1
[22:32:01] [11/INFO] [tML]: Loading: Wildlife v0.14
[22:32:01] [11/INFO] [tML]: Loading: WMITF v2.6.2
[22:32:01] [11/INFO] [tML]: Loading: Fargowiltas v2.4.1.1
[22:32:02] [11/INFO] [tML]: RAM usage: 3,6 GB
[22:32:02] [11/INFO] [tML]: Adding Recipes...
[22:32:03] [11/DEBUG] [tML]: Assembly Resolve: FargowiltasSouls_0, Version=0.0.0.0, Culture=neutral, PublicKeyToken=null -> Fargowiltas_0, Version=0.0.0.0, Culture=neutral, PublicKeyToken=null
[22:32:04] [11/DEBUG] [tML]: Assembly Resolve:  -> RecipeBrowser_0, Version=0.0.0.0, Culture=neutral, PublicKeyToken=null
[22:32:04] [11/DEBUG] [tML]: Assembly Resolve:  -> RecipeBrowser_0, Version=0.0.0.0, Culture=neutral, PublicKeyToken=null
[22:32:13] [6/DEBUG] [tML]: Web Request: http://javid.ddns.net/tModLoader/listmods.php
[22:32:15] [6/WARN] [tML]: Silently Caught Exception: 
System.Exception: Hash mismatch, data blob has been modified or corrupted
   em Terraria.ModLoader.Core.TmodFile.Read()
   em Terraria.ModLoader.Core.TmodFile.Open()
   em Terraria.ModLoader.Core.ModOrganizer.FindMods()
   em System.Threading.Tasks.Task`1.InnerInvoke()
   em System.Threading.Tasks.Task.Execute()
   em System.Threading.ExecutionContext.RunInternal(ExecutionContext executionContext, ContextCallback callback, Object state, Boolean preserveSyncCtx)
   em System.Threading.ExecutionContext.Run(ExecutionContext executionContext, ContextCallback callback, Object state, Boolean preserveSyncCtx)
   em System.Threading.Tasks.Task.ExecuteWithThreadLocal(Task& currentTaskSlot)
   em System.Threading.Tasks.Task.ExecuteEntry(Boolean bPreventDoubleExecution)
   em System.Threading.ThreadPoolWorkQueue.Dispatch()

[22:32:15] [6/WARN] [tML]: Failed to read C:\Users\thrib\Documents\My Games\Terraria\ModLoader\Mods\Polarities.tmod
System.Exception: Hash mismatch, data blob has been modified or corrupted
   em Terraria.ModLoader.Core.TmodFile.Read()
   em Terraria.ModLoader.Core.TmodFile.Open()
   em Terraria.ModLoader.Core.ModOrganizer.FindMods()
[22:32:15] [1/DEBUG] [tML]: Web Request: https://i.imgur.com/tnoAEUN.png
[22:32:18] [1/DEBUG] [tML]: Web Request: https://i.imgur.com/AES5Hzz.png
[22:32:18] [1/DEBUG] [tML]: Web Request: https://i.imgur.com/bXNbcIN.png
[22:32:24] [1/DEBUG] [tML]: Web Request: http://javid.ddns.net/tModLoader/download.php?Down=mods/BossChecklist.tmod&tls12=y
[22:32:24] [1/DEBUG] [tML]: Web Request: http://javid.ddns.net/tModLoader/download.php?Down=mods/BossChecklist.tmod&tls12=y
[22:32:25] [15/DEBUG] [tML]: Web Request: https://github.com/JavidPack/BossChecklist/releases/download/v1.1.6/BossChecklist.tmod
[22:32:25] [14/DEBUG] [tML]: Web Request: https://github-releases.githubusercontent.com/71979298/254beb5c-c186-4128-8053-337d35a97b9c?X-Amz-Algorithm=AWS4-HMAC-SHA256&X-Amz-Credential=AKIAIWNJYAX4CSVEH53A%2F20210828%2Fus-east-1%2Fs3%2Faws4_request&X-Amz-Date=20210828T013242Z&X-Amz-Expires=300&X-Amz-Signature=5d77af2b4f62bd5252f28303edbfc0371cdb73a681fd8c116fc5aa22ceacb67b&X-Amz-SignedHeaders=host&actor_id=0&key_id=0&repo_id=71979298&response-content-disposition=attachment%3B filename%3DBossChecklist.tmod&response-content-type=application%2Foctet-stream
[22:32:25] [11/INFO] [tML]: Releasing file handle for BossChecklist: Boss Checklist
[22:32:25] [11/DEBUG] [tML]: Web Request: http://javid.ddns.net/tModLoader/download.php?Down=mods/CalValEX.tmod&tls12=y
[22:32:26] [14/DEBUG] [tML]: Web Request: https://github.com/PotatoPersonEX/CalValEX/releases/download/v8.4.1/CalValEX.tmod
[22:32:26] [14/DEBUG] [tML]: Web Request: https://github-releases.githubusercontent.com/276259068/1f4e5199-d7bb-4987-910a-9ac3f2cbcded?X-Amz-Algorithm=AWS4-HMAC-SHA256&X-Amz-Credential=AKIAIWNJYAX4CSVEH53A%2F20210828%2Fus-east-1%2Fs3%2Faws4_request&X-Amz-Date=20210828T013326Z&X-Amz-Expires=300&X-Amz-Signature=364499ece5cd9934dbf11c6485c72defa6650a7895497bf2e5ab755f32f25a70&X-Amz-SignedHeaders=host&actor_id=0&key_id=0&repo_id=276259068&response-content-disposition=attachment%3B filename%3DCalValEX.tmod&response-content-type=application%2Foctet-stream
[22:32:28] [9/INFO] [tML]: Releasing file handle for CalValEX: Calamity's Vanities
[22:32:49] [8/WARN] [tML]: Silently Caught Exception: 
System.Exception: Hash mismatch, data blob has been modified or corrupted
   em Terraria.ModLoader.Core.TmodFile.Open()
   em Terraria.ModLoader.Core.ModOrganizer.FindMods()
   em System.Threading.Tasks.Task`1.InnerInvoke()
   em System.Threading.Tasks.Task.Execute()
   em System.Threading.ExecutionContext.RunInternal(ExecutionContext executionContext, ContextCallback callback, Object state, Boolean preserveSyncCtx)
   em System.Threading.ExecutionContext.Run(ExecutionContext executionContext, ContextCallback callback, Object state, Boolean preserveSyncCtx)
   em System.Threading.Tasks.Task.ExecuteWithThreadLocal(Task& currentTaskSlot)
   em System.Threading.Tasks.Task.ExecuteEntry(Boolean bPreventDoubleExecution)
   em System.Threading.ThreadPoolWorkQueue.Dispatch()

[22:32:49] [8/WARN] [tML]: Failed to read C:\Users\thrib\Documents\My Games\Terraria\ModLoader\Mods\Polarities.tmod
System.Exception: Hash mismatch, data blob has been modified or corrupted
   em Terraria.ModLoader.Core.TmodFile.Read()
   em Terraria.ModLoader.Core.TmodFile.Open()
   em Terraria.ModLoader.Core.ModOrganizer.FindMods()
[22:32:51] [10/WARN] [tML]: Silently Caught Exception: 
System.Exception: Hash mismatch, data blob has been modified or corrupted
   em Terraria.ModLoader.Core.TmodFile.Read()
   em Terraria.ModLoader.Core.TmodFile.Open()
   em Terraria.ModLoader.Core.ModOrganizer.FindMods()
   em Terraria.ModLoader.UI.UIModPacks.<>c.<OnActivate>b__18_0()
   em System.Threading.Tasks.Task`1.InnerInvoke()
   em System.Threading.Tasks.Task.Execute()
   em System.Threading.ExecutionContext.RunInternal(ExecutionContext executionContext, ContextCallback callback, Object state, Boolean preserveSyncCtx)
   em System.Threading.ExecutionContext.Run(ExecutionContext executionContext, ContextCallback callback, Object state, Boolean preserveSyncCtx)
   em System.Threading.Tasks.Task.ExecuteWithThreadLocal(Task& currentTaskSlot)
   em System.Threading.Tasks.Task.ExecuteEntry(Boolean bPreventDoubleExecution)
   em System.Threading.ThreadPoolWorkQueue.Dispatch()

[22:32:51] [10/WARN] [tML]: Failed to read C:\Users\thrib\Documents\My Games\Terraria\ModLoader\Mods\Polarities.tmod
System.Exception: Hash mismatch, data blob has been modified or corrupted
   em Terraria.ModLoader.Core.TmodFile.Read()
   em Terraria.ModLoader.Core.TmodFile.Open()
   em Terraria.ModLoader.Core.ModOrganizer.FindMods()
[22:32:54] [11/WARN] [tML]: Failed to read C:\Users\thrib\Documents\My Games\Terraria\ModLoader\Mods\Polarities.tmod
System.Exception: Hash mismatch, data blob has been modified or corrupted
   em Terraria.ModLoader.Core.TmodFile.Read()
   em Terraria.ModLoader.Core.TmodFile.Open()
   em Terraria.ModLoader.Core.ModOrganizer.FindMods()
[22:33:03] [10/INFO] [tML]: Unloading mods
[22:33:03] [10/INFO] [tML]: Unloading: Fargo's Mutant Mod
[22:33:03] [10/DEBUG] [tML]: Unloaded 1 hooks, 2 detours and 2 native detours from Fargowiltas
[22:33:03] [10/INFO] [tML]: Unloading: Which Mod Is This From? (WMITF)
[22:33:03] [10/INFO] [tML]: Unloading: Wildlife Mod
[22:33:03] [10/INFO] [tML]: Unloading: WeaponOut Lite
[22:33:03] [10/INFO] [tML]: Unloading: VeinMiner
[22:33:03] [10/INFO] [tML]: Unloading: Utility Bombs Reborn
[22:33:03] [10/INFO] [tML]: Unloading: Smart Doors (from 1.4)
[22:33:03] [10/DEBUG] [tML]: Unloaded 0 hooks, 2 detours and 2 native detours from SmartDoors
[22:33:03] [10/INFO] [tML]: Unloading: Research System from Terraria 1.4
[22:33:03] [10/INFO] [tML]: Unloading: Recipe Browser
[22:33:03] [10/WARN] [tML]: Silently Caught Exception: 
System.Threading.Tasks.TaskCanceledException: Uma tarefa foi cancelada.
   em System.Runtime.CompilerServices.TaskAwaiter.ThrowForNonSuccess(Task task)
   em RecipeBrowser.RecipeBrowser.<ConcurrentTaskHandler>d__16.MoveNext() na RecipeBrowser.cs:linha 194
   em System.Threading.ExecutionContext.RunInternal(ExecutionContext executionContext, ContextCallback callback, Object state, Boolean preserveSyncCtx)
   em System.Threading.ExecutionContext.Run(ExecutionContext executionContext, ContextCallback callback, Object state, Boolean preserveSyncCtx)
   em System.Runtime.CompilerServices.AsyncMethodBuilderCore.MoveNextRunner.Run()
   em System.Threading.Tasks.AwaitTaskContinuation.RunOrScheduleAction(Action action, Boolean allowInlining, Task& currentTask)
   em System.Threading.Tasks.Task.FinishContinuations()
   em System.Threading.Tasks.Task`1.TrySetCanceled(CancellationToken tokenToRecord, Object cancellationException)
   em System.Threading.Tasks.Task.DelayPromise.Complete()
   em System.Threading.CancellationCallbackInfo.ExecuteCallback()
   em System.Threading.CancellationTokenSource.ExecuteCallbackHandlers(Boolean throwOnFirstException)
   em System.Threading.CancellationTokenSource.NotifyCancellation(Boolean throwOnFirstException)
   em RecipeBrowser.RecipeBrowser.Unload() na RecipeBrowser.cs:linha 131
   em Terraria.ModLoader.Mod.UnloadContent()
   em Terraria.ModLoader.ModContent.UnloadModContent()
   em Terraria.ModLoader.ModLoader.do_Unload()
   em Terraria.ModLoader.ModLoader.Unload()
   em Terraria.ModLoader.ModLoader.Load(CancellationToken token)
   em System.Threading.Tasks.Task.Execute()
   em System.Threading.ExecutionContext.RunInternal(ExecutionContext executionContext, ContextCallback callback, Object state, Boolean preserveSyncCtx)
   em System.Threading.ExecutionContext.Run(ExecutionContext executionContext, ContextCallback callback, Object state, Boolean preserveSyncCtx)
   em System.Threading.Tasks.Task.ExecuteWithThreadLocal(Task& currentTaskSlot)
   em System.Threading.Tasks.Task.ExecuteEntry(Boolean bPreventDoubleExecution)
   em System.Threading.ThreadPoolWorkQueue.Dispatch()

[22:33:03] [10/DEBUG] [tML]: Unloaded 2 hooks, 2 detours and 2 native detours from RecipeBrowser
[22:33:03] [10/INFO] [tML]: Unloading: Max Stack Plus Extra
[22:33:03] [10/INFO] [tML]: Unloading: Magic Storage - Extra
[22:33:03] [10/DEBUG] [tML]: Hook On.Terraria.NetMessage::SendData(int, int, int, NetworkText, int, float, float, float, int, int, int) removed by MagicStorageExtra_0
[22:33:03] [10/DEBUG] [tML]: Hook On.Terraria.MessageBuffer::GetData(int, int, out int) removed by MagicStorageExtra_0
[22:33:03] [10/INFO] [tML]: Unloading: Lan's Unlimited Buff Slots
[22:33:03] [10/INFO] [tML]: Unloading: Block Swap
[22:33:03] [10/DEBUG] [tML]: Unloaded 1 hooks, 1 detours and 1 native detours from FunctionalBlockSwap
[22:33:03] [10/INFO] [tML]: Unloading: Yet Another Boss Health Bar
[22:33:03] [10/INFO] [tML]: Unloading: Fargo's Soul Mod DLC
[22:33:03] [10/INFO] [tML]: Unloading: Fargo's Music Mod
[22:33:03] [10/INFO] [tML]: Unloading: Fargo's Souls Mod
[22:33:03] [10/INFO] [tML]: Unloading: Cataclysm (Multi-Mod Addon: Calamity, Thorium, Clicker Class)
[22:33:03] [10/DEBUG] [tML]: Unloaded 0 hooks, 1 detours and 1 native detours from CataclysmMod
[22:33:03] [10/INFO] [tML]: Unloading: Calamity's Vanities
[22:33:05] [10/DEBUG] [tML]: Unloaded 0 hooks, 14 detours and 14 native detours from CalValEX
[22:33:05] [10/INFO] [tML]: Unloading: Fargo's Both Evils
[22:33:05] [10/INFO] [tML]: Unloading: Boss Cursor
[22:33:05] [10/INFO] [tML]: Unloading: Boss Checklist
[22:33:05] [10/DEBUG] [tML]: Unloaded 1 hooks, 1 detours and 1 native detours from BossChecklist
[22:33:05] [10/INFO] [tML]: Unloading: Base Mod
[22:33:05] [10/INFO] [tML]: Unloading: Auto Trash
[22:33:05] [10/INFO] [tML]: Unloading: AlchemistNPC Lite
[22:33:05] [10/INFO] [tML]: Unloading: Calamity Mod Music
[22:33:05] [10/DEBUG] [tML]: Hook IL.Terraria.Main::UpdateAudio() unmodified by CalamityModMusic_0
[22:33:05] [10/INFO] [tML]: Unloading: Calamity Mod (No Calamity Music)
[22:33:05] [10/DEBUG] [tML]: Unloaded 5 hooks, 9 detours and 9 native detours from CalamityMod
[22:33:05] [10/INFO] [tML]: Unloading: tModLoader
[22:33:06] [10/WARN] [tML]: CalamityMod not fully unloaded during unload.
[22:33:06] [10/WARN] [tML]: BaseMod not fully unloaded during unload.
[22:33:06] [10/WARN] [tML]: BossChecklist not fully unloaded during unload.
[22:33:06] [10/WARN] [tML]: CataclysmMod not fully unloaded during unload.
[22:33:06] [10/WARN] [tML]: Fargowiltas not fully unloaded during unload.
[22:33:06] [10/WARN] [tML]: FargowiltasSouls not fully unloaded during unload.
[22:33:06] [10/WARN] [tML]: FargowiltasSoulsDLC not fully unloaded during unload.
[22:33:06] [10/WARN] [tML]: ResearchFrom14 not fully unloaded during unload.
[22:33:06] [10/INFO] [tML]: Finding Mods...
[22:33:06] [10/WARN] [tML]: Silently Caught Exception: 
System.Exception: Hash mismatch, data blob has been modified or corrupted
   em Terraria.ModLoader.Core.TmodFile.Open()
   em Terraria.ModLoader.Core.ModOrganizer.FindMods()
   em Terraria.ModLoader.Core.ModOrganizer.LoadMods(CancellationToken token)
   em Terraria.ModLoader.ModLoader.Load(CancellationToken token)
   em System.Threading.Tasks.Task.Execute()
   em System.Threading.ExecutionContext.RunInternal(ExecutionContext executionContext, ContextCallback callback, Object state, Boolean preserveSyncCtx)
   em System.Threading.ExecutionContext.Run(ExecutionContext executionContext, ContextCallback callback, Object state, Boolean preserveSyncCtx)
   em System.Threading.Tasks.Task.ExecuteWithThreadLocal(Task& currentTaskSlot)
   em System.Threading.Tasks.Task.ExecuteEntry(Boolean bPreventDoubleExecution)
   em System.Threading.ThreadPoolWorkQueue.Dispatch()

[22:33:06] [10/WARN] [tML]: Failed to read C:\Users\thrib\Documents\My Games\Terraria\ModLoader\Mods\Polarities.tmod
System.Exception: Hash mismatch, data blob has been modified or corrupted
   em Terraria.ModLoader.Core.TmodFile.Read()
   em Terraria.ModLoader.Core.TmodFile.Open()
   em Terraria.ModLoader.Core.ModOrganizer.FindMods()
[22:33:06] [10/INFO] [tML]: Sandboxing: CalamityMod
[22:33:06] [10/INFO] [tML]: Sandboxing: CalamityModMusic
[22:33:06] [10/INFO] [tML]: Sandboxing: AlchemistNPCLite
[22:33:06] [10/INFO] [tML]: Sandboxing: AutoTrash
[22:33:06] [10/INFO] [tML]: Sandboxing: BaseMod
[22:33:06] [10/INFO] [tML]: Sandboxing: BossChecklist
[22:33:06] [10/INFO] [tML]: Sandboxing: BossCursor
[22:33:06] [10/INFO] [tML]: Sandboxing: BothEvils
[22:33:06] [10/INFO] [tML]: Sandboxing: CalValEX
[22:33:06] [10/INFO] [tML]: Sandboxing: CataclysmMod
[22:33:06] [10/INFO] [tML]: Sandboxing: Fargowiltas
[22:33:06] [10/INFO] [tML]: Sandboxing: FargowiltasSouls
[22:33:06] [10/INFO] [tML]: Sandboxing: FargowiltasMusic
[22:33:06] [10/INFO] [tML]: Sandboxing: FargowiltasSoulsDLC
[22:33:06] [10/INFO] [tML]: Sandboxing: FKBossHealthBar
[22:33:06] [10/INFO] [tML]: Sandboxing: FunctionalBlockSwap
[22:33:06] [10/INFO] [tML]: Sandboxing: LansUnlimitedBuffSlots
[22:33:06] [10/INFO] [tML]: Sandboxing: MagicStorageExtra
[22:33:06] [10/INFO] [tML]: Sandboxing: MaxStackExtra
[22:33:06] [10/INFO] [tML]: Sandboxing: RecipeBrowser
[22:33:06] [10/INFO] [tML]: Sandboxing: ResearchFrom14
[22:33:06] [10/INFO] [tML]: Sandboxing: SmartDoors
[22:33:06] [10/INFO] [tML]: Sandboxing: UtilityBombMod
[22:33:06] [10/INFO] [tML]: Sandboxing: VeinMiner
[22:33:06] [10/INFO] [tML]: Sandboxing: WeaponOutLite
[22:33:06] [10/INFO] [tML]: Sandboxing: Wildlife
[22:33:06] [10/INFO] [tML]: Sandboxing: WMITF
[22:33:06] [10/INFO] [tML]: Instantiating Mods...
[22:33:12] [10/WARN] [tML]: Granted native detouring access to Fargowiltas_0
[22:33:12] [10/DEBUG] [tML]: Hook Terraria.ModLoader.ModContent::LoadModContent(CancellationToken, Action`1) -> Fargowiltas.Fargowiltas::LoadHook(Action`2, CancellationToken, Action`1) by Fargowiltas_0
[22:33:12] [10/DEBUG] [tML]: Hook IL.Terraria.ModLoader.ModContent::Load(CancellationToken) modified by Fargowiltas_0
[22:33:19] [10/WARN] [tML]: Tried to forward ErrorLogger.Log for mod WeaponOutLite but failed (mod not found!)
[22:33:21] [10/INFO] [tML]: Initializing: ModLoader v0.11.8.4
[22:33:23] [10/INFO] [tML]: Initializing: CalamityMod v1.4.5.7
[22:33:29] [10/DEBUG] [tML]: Hook IL.Terraria.Wiring::HitWireSingle(int, int) modified by CalamityMod_0
[22:33:30] [10/DEBUG] [tML]: Hook On.Terraria.Main::InitLifeBytes() added by CalamityMod_0
[22:33:30] [10/DEBUG] [tML]: Hook On.Terraria.NPC::SlimeRainSpawns(int) added by CalamityMod_0
[22:33:30] [10/DEBUG] [tML]: Hook IL.Terraria.WorldGen::MakeDungeon(int, int) modified by CalamityMod_0
[22:33:30] [10/DEBUG] [tML]: Hook IL.Terraria.WorldGen::GrowLivingTree(int, int) modified by CalamityMod_0
[22:33:30] [10/DEBUG] [tML]: Hook On.Terraria.WorldGen::OpenDoor(int, int, int) added by CalamityMod_0
[22:33:30] [10/DEBUG] [tML]: Hook On.Terraria.WorldGen::CloseDoor(int, int, bool) added by CalamityMod_0
[22:33:30] [10/DEBUG] [tML]: Hook IL.Terraria.Main::UpdateTime() modified by CalamityMod_0
[22:33:30] [10/DEBUG] [tML]: Hook On.Terraria.Main::UpdateTime_SpawnTownNPCs() added by CalamityMod_0
[22:33:30] [10/INFO] [tML]: Initializing: CalamityModMusic v1.4.5.3
[22:33:31] [10/INFO] [tML]: Initializing: AlchemistNPCLite v1.7.4
[22:33:31] [10/INFO] [tML]: Initializing: AutoTrash v0.5.1
[22:33:31] [10/INFO] [tML]: Initializing: BaseMod v2.0.0.0
[22:33:32] [10/INFO] [tML]: Initializing: BossChecklist v1.1.6
[22:33:32] [10/DEBUG] [tML]: Hook On.Terraria.GameContent.Events.DD2Event::WinInvasionInternal() added by BossChecklist_1
[22:33:32] [10/INFO] [BossChecklist]: Boss Log integration messages will not be logged.
[22:33:32] [10/INFO] [tML]: Initializing: BossCursor v1.5.1
[22:33:33] [10/INFO] [tML]: Initializing: BothEvils v3.1
[22:33:33] [10/INFO] [tML]: Initializing: CalValEX v8.4.1
[22:33:33] [10/DEBUG] [tML]: Hook IL.Terraria.Wiring::HitWireSingle(int, int) modified by CalValEX_1
[22:33:33] [10/DEBUG] [tML]: Hook IL.Terraria.Wiring::HitWireSingle(int, int) modified by CalValEX_1
[22:33:34] [10/DEBUG] [tML]: Hook IL.Terraria.Wiring::HitWireSingle(int, int) modified by CalValEX_1
[22:33:34] [10/DEBUG] [tML]: Hook IL.Terraria.Wiring::HitWireSingle(int, int) modified by CalValEX_1
[22:33:34] [10/DEBUG] [tML]: Hook IL.Terraria.Wiring::HitWireSingle(int, int) modified by CalValEX_1
[22:33:34] [10/DEBUG] [tML]: Hook IL.Terraria.Wiring::HitWireSingle(int, int) modified by CalValEX_1
[22:33:34] [10/DEBUG] [tML]: Hook IL.Terraria.Wiring::HitWireSingle(int, int) modified by CalValEX_1
[22:33:34] [10/DEBUG] [tML]: Hook IL.Terraria.Wiring::HitWireSingle(int, int) modified by CalValEX_1
[22:33:34] [10/DEBUG] [tML]: Hook IL.Terraria.Wiring::HitWireSingle(int, int) modified by CalValEX_1
[22:33:34] [10/DEBUG] [tML]: Hook IL.Terraria.Wiring::HitWireSingle(int, int) modified by CalValEX_1
[22:33:34] [10/DEBUG] [tML]: Hook IL.Terraria.Wiring::HitWireSingle(int, int) modified by CalValEX_1
[22:33:34] [10/DEBUG] [tML]: Hook IL.Terraria.Wiring::HitWireSingle(int, int) modified by CalValEX_1
[22:33:35] [10/DEBUG] [tML]: Hook IL.Terraria.Wiring::HitWireSingle(int, int) modified by CalValEX_1
[22:33:35] [10/DEBUG] [tML]: Hook IL.Terraria.Wiring::HitWireSingle(int, int) modified by CalValEX_1
[22:33:35] [10/DEBUG] [tML]: Hook IL.Terraria.Wiring::HitWireSingle(int, int) modified by CalValEX_1
[22:33:35] [10/DEBUG] [tML]: Hook IL.Terraria.Wiring::HitWireSingle(int, int) modified by CalValEX_1
[22:33:35] [10/DEBUG] [tML]: Hook IL.Terraria.Wiring::HitWireSingle(int, int) modified by CalValEX_1
[22:33:36] [10/INFO] [tML]: Initializing: CataclysmMod v1.1.0.1
[22:33:36] [10/DEBUG] [CataclysmMod]: Loading mod-dependent content...
[22:33:36] [10/DEBUG] [tML]: Hook IL.CalamityMod.CalPlayer.CalamityPlayerMiscEffects::MiscEffects(Player, CalamityPlayer, Mod) modified by CataclysmMod_0
[22:33:36] [10/DEBUG] [CataclysmMod]: Preparing direct dependency content...
[22:33:36] [10/DEBUG] [CataclysmMod]: Loading direct dependency content...
[22:33:36] [10/DEBUG] [tML]: Assembly Resolve: CataclysmMod.DirectCalamityDependencies, Version=1.0.0.0, Culture=neutral, PublicKeyToken=null -> CataclysmMod, Version=1.0.0.0, Culture=neutral, PublicKeyToken=null
[22:33:36] [10/DEBUG] [CataclysmMod]: Loaded mod-dependent content.
[22:33:36] [10/INFO] [tML]: Initializing: FargowiltasSouls v1.3.96.5
[22:33:37] [10/INFO] [FargowiltasSouls]: ToggleCollections found: 4
[22:33:38] [10/INFO] [tML]: Initializing: FargowiltasMusic v1.0.1.2
[22:33:38] [10/INFO] [tML]: Initializing: FargowiltasSoulsDLC v0.3.1
[22:33:39] [10/INFO] [tML]: Initializing: FKBossHealthBar v1.3.2
[22:33:39] [10/INFO] [tML]: Initializing: FunctionalBlockSwap v1.0.6.5
[22:33:39] [10/DEBUG] [tML]: Hook On.Terraria.Player::PlaceThing() added by FunctionalBlockSwap_0
[22:33:39] [10/INFO] [tML]: Initializing: LansUnlimitedBuffSlots v0.2.1
[22:33:40] [10/INFO] [tML]: Initializing: MagicStorageExtra v0.5.4.3
[22:33:40] [10/DEBUG] [tML]: Hook On.Terraria.NetMessage::SendData(int, int, int, NetworkText, int, float, float, float, int, int, int) added by MagicStorageExtra_0
[22:33:40] [10/DEBUG] [tML]: Hook On.Terraria.MessageBuffer::GetData(int, int, out int) added by MagicStorageExtra_0
[22:33:40] [10/INFO] [tML]: Initializing: MaxStackExtra v1.1.0.4
[22:33:40] [10/INFO] [tML]: Initializing: RecipeBrowser v0.8.9
[22:33:40] [10/DEBUG] [tML]: Hook On.Terraria.Recipe::FindRecipes() added by RecipeBrowser_0
[22:33:40] [10/DEBUG] [tML]: Hook On.Terraria.Player::AdjTiles() added by RecipeBrowser_0
[22:33:41] [10/INFO] [tML]: Initializing: ResearchFrom14 v2.0
[22:33:41] [10/INFO] [tML]: Initializing: SmartDoors v1.3.3
[22:33:41] [10/DEBUG] [tML]: Hook IL.Terraria.Player::Update(int) modified by SmartDoors_0
[22:33:41] [10/DEBUG] [tML]: Hook IL.Terraria.Player::DashMovement() modified by SmartDoors_0
[22:33:42] [10/INFO] [tML]: Initializing: UtilityBombMod v0.2.5
[22:33:42] [10/INFO] [tML]: Initializing: VeinMiner v1.3.1
[22:33:42] [10/DEBUG] [tML]: Web Request: http://textuploader.com/dhrr7/raw
[22:33:42] [10/DEBUG] [tML]: Web Request: https://textuploader.com/dhrr7/raw
[22:33:43] [10/INFO] [tML]: Initializing: WeaponOutLite v0.1
[22:33:44] [10/INFO] [tML]: Initializing: Wildlife v0.14
[22:33:44] [10/INFO] [tML]: Initializing: WMITF v2.6.2
[22:33:44] [10/INFO] [tML]: Initializing: Fargowiltas v2.4.1.1
[22:33:45] [10/INFO] [tML]: Setting up...
[22:33:45] [10/INFO] [tML]: Loading: ModLoader v0.11.8.4
[22:33:46] [10/INFO] [tML]: Loading: CalamityMod v1.4.5.7
[22:33:46] [10/INFO] [CalamityMod]: ModLoader version > 0.11.7.7 detected. Mechworm UUID workaround is disabled.
[22:33:46] [10/INFO] [tML]: Loading: CalamityModMusic v1.4.5.3
[22:33:46] [10/DEBUG] [tML]: Hook IL.Terraria.Main::UpdateAudio() modified by CalamityModMusic_0
[22:33:46] [10/INFO] [tML]: Loading: AlchemistNPCLite v1.7.4
[22:33:47] [10/INFO] [tML]: Loading: AutoTrash v0.5.1
[22:33:47] [10/INFO] [tML]: Loading: BaseMod v2.0.0.0
[22:33:47] [10/INFO] [tML]: Loading: BossChecklist v1.1.6
[22:33:47] [10/INFO] [tML]: Loading: BossCursor v1.5.1
[22:33:48] [10/INFO] [tML]: Loading: BothEvils v3.1
[22:33:48] [10/INFO] [tML]: Loading: CalValEX v8.4.1
[22:33:49] [10/INFO] [tML]: Loading: CataclysmMod v1.1.0.1
[22:33:49] [10/WARN] [CataclysmMod]: There was content in Cataclysm that depends on: ThoriumMod! This content was not loaded as the given mod is not enabled.
[22:33:49] [10/WARN] [CataclysmMod]: There was content in Cataclysm that depends on: ClickerClass! This content was not loaded as the given mod is not enabled.
[22:33:49] [10/INFO] [tML]: Loading: FargowiltasSouls v1.3.96.5
[22:33:49] [10/WARN] [BossChecklist]: Boss Display Texture for Fargo's Souls Mod Abominationn named FargowiltasSouls/NPCs/DeviBoss/AbomBoss_Still is missing
[22:33:49] [10/WARN] [BossChecklist]: Boss Head Icon Texture for Fargo's Souls Mod Abominationn named FargowiltasSouls/NPCs/DeviBoss/AbomBoss_Head_Boss is missing
[22:33:49] [10/WARN] [BossChecklist]: Boss Display Texture for Fargo's Souls Mod Mutant named FargowiltasSouls/NPCs/DeviBoss/MutantBoss_Still is missing
[22:33:49] [10/WARN] [BossChecklist]: Boss Head Icon Texture for Fargo's Souls Mod Mutant named FargowiltasSouls/NPCs/DeviBoss/MutantBoss_Head_Boss is missing
[22:33:50] [10/INFO] [tML]: Loading: FargowiltasMusic v1.0.1.2
[22:33:50] [10/INFO] [tML]: Loading: FargowiltasSoulsDLC v0.3.1
[22:33:50] [10/INFO] [tML]: Loading: FKBossHealthBar v1.3.2
[22:33:51] [10/INFO] [tML]: Loading: FunctionalBlockSwap v1.0.6.5
[22:33:51] [10/INFO] [tML]: Loading: LansUnlimitedBuffSlots v0.2.1
[22:33:51] [10/INFO] [tML]: Loading: MagicStorageExtra v0.5.4.3
[22:33:52] [10/INFO] [tML]: Loading: MaxStackExtra v1.1.0.4
[22:33:52] [10/INFO] [tML]: Loading: RecipeBrowser v0.8.9
[22:33:52] [10/INFO] [tML]: Loading: ResearchFrom14 v2.0
[22:33:52] [10/INFO] [tML]: Loading: SmartDoors v1.3.3
[22:33:53] [10/INFO] [tML]: Loading: UtilityBombMod v0.2.5
[22:33:53] [10/INFO] [tML]: Loading: VeinMiner v1.3.1
[22:33:54] [10/INFO] [tML]: Loading: WeaponOutLite v0.1
[22:33:54] [10/INFO] [tML]: Loading: Wildlife v0.14
[22:33:54] [10/INFO] [tML]: Loading: WMITF v2.6.2
[22:33:54] [10/INFO] [tML]: Loading: Fargowiltas v2.4.1.1
[22:33:55] [10/INFO] [tML]: RAM usage: 3,6 GB
[22:33:55] [10/INFO] [tML]: Adding Recipes...
[22:33:55] [10/INFO] [tML]: Recipe Browser: Rebuilding Loot Cache (Hold shift to skip if stuck)
[22:33:56] [10/INFO] [tML]: Adding Recipes
[22:34:05] [1/INFO] [ResearchFrom14]: Inititalizing Research System...
[22:34:08] [19/INFO] [ResearchFrom14]: Research System: Applying Difficulty...
[22:34:08] [19/INFO] [ResearchFrom14]: Research System Initialized.
[22:34:31] [18/INFO] [Terraria]: Loading World: mm monke, IsCloud=False
[22:34:32] [18/INFO] [StatusText]: Resetting game objects
[22:34:33] [18/INFO] [StatusText]: Loading world data
[22:34:34] [18/INFO] [StatusText]: Settling liquids
[22:34:36] [18/INFO] [StatusText]: Loading map data
[22:34:37] [18/INFO] [StatusText]: Drawing map
[22:34:39] [1/INFO] [Terraria]: Entering world with player: RN, IsCloud=False
[22:41:24] [9/WARN] [tML]: Silently Caught Exception: 
System.InvalidOperationException: Coleção foi modificada; talvez a operação de enumeração não seja executada.
   em System.ThrowHelper.ThrowInvalidOperationException(ExceptionResource resource)
   em System.Collections.Generic.Dictionary`2.KeyCollection.Enumerator.MoveNext()
   em ResearchFrom14.Common.ResearchPlayer.fillItemsFromCraftingInteractions() na ResearchFrom14\Common\ResearchPlayer.cs:linha 689
   em ResearchFrom14.Common.ResearchPlayer.refreshResearch() na ResearchFrom14\Common\ResearchPlayer.cs:linha 643
   em System.Threading.Tasks.Task.Execute()
   em System.Threading.ExecutionContext.RunInternal(ExecutionContext executionContext, ContextCallback callback, Object state, Boolean preserveSyncCtx)
   em System.Threading.ExecutionContext.Run(ExecutionContext executionContext, ContextCallback callback, Object state, Boolean preserveSyncCtx)
   em System.Threading.Tasks.Task.ExecuteWithThreadLocal(Task& currentTaskSlot)
   em System.Threading.Tasks.Task.ExecuteEntry(Boolean bPreventDoubleExecution)
   em System.Threading.ThreadPoolWorkQueue.Dispatch()

[22:44:40] [15/INFO] [StatusText]: Saving world data
[22:44:41] [15/INFO] [StatusText]: Validating world save
[22:54:40] [24/INFO] [StatusText]: Saving world data
[22:54:41] [24/INFO] [StatusText]: Validating world save
[23:04:40] [33/INFO] [StatusText]: Saving world data
[23:04:41] [33/INFO] [StatusText]: Validating world save
[23:14:40] [36/INFO] [StatusText]: Saving world data
[23:14:41] [36/INFO] [StatusText]: Validating world save
[23:24:40] [35/INFO] [StatusText]: Saving world data
[23:24:41] [35/INFO] [StatusText]: Validating world save
[23:34:40] [24/INFO] [StatusText]: Saving world data
[23:34:41] [24/INFO] [StatusText]: Validating world save
[23:36:43] [26/WARN] [tML]: Silently Caught Exception: 
System.InvalidOperationException: Coleção foi modificada; talvez a operação de enumeração não seja executada.
   em System.ThrowHelper.ThrowInvalidOperationException(ExceptionResource resource)
   em System.Collections.Generic.Dictionary`2.KeyCollection.Enumerator.MoveNext()
   em ResearchFrom14.Common.ResearchPlayer.fillItemsFromCraftingInteractions() na ResearchFrom14\Common\ResearchPlayer.cs:linha 689
   em ResearchFrom14.Common.ResearchPlayer.fillItemsFromCraftingInteractions() na ResearchFrom14\Common\ResearchPlayer.cs:linha 689
   em ResearchFrom14.Common.ResearchPlayer.refreshResearch() na ResearchFrom14\Common\ResearchPlayer.cs:linha 643
   em System.Threading.Tasks.Task.Execute()
   em System.Threading.ExecutionContext.RunInternal(ExecutionContext executionContext, ContextCallback callback, Object state, Boolean preserveSyncCtx)
   em System.Threading.ExecutionContext.Run(ExecutionContext executionContext, ContextCallback callback, Object state, Boolean preserveSyncCtx)
   em System.Threading.Tasks.Task.ExecuteWithThreadLocal(Task& currentTaskSlot)
   em System.Threading.Tasks.Task.ExecuteEntry(Boolean bPreventDoubleExecution)
   em System.Threading.ThreadPoolWorkQueue.Dispatch()

[23:36:53] [26/WARN] [tML]: Silently Caught Exception: 
System.InvalidOperationException: Coleção foi modificada; talvez a operação de enumeração não seja executada.
   em System.ThrowHelper.ThrowInvalidOperationException(ExceptionResource resource)
   em System.Collections.Generic.Dictionary`2.KeyCollection.Enumerator.MoveNext()
   em ResearchFrom14.Common.ResearchPlayer.fillItemsFromCraftingInteractions() na ResearchFrom14\Common\ResearchPlayer.cs:linha 689
   em ResearchFrom14.Common.ResearchPlayer.fillItemsFromCraftingInteractions() na ResearchFrom14\Common\ResearchPlayer.cs:linha 689
   em ResearchFrom14.Common.ResearchPlayer.fillItemsFromCraftingInteractions() na ResearchFrom14\Common\ResearchPlayer.cs:linha 689
   em ResearchFrom14.Common.ResearchPlayer.refreshResearch() na ResearchFrom14\Common\ResearchPlayer.cs:linha 643
   em System.Threading.Tasks.Task.Execute()
   em System.Threading.ExecutionContext.RunInternal(ExecutionContext executionContext, ContextCallback callback, Object state, Boolean preserveSyncCtx)
   em System.Threading.ExecutionContext.Run(ExecutionContext executionContext, ContextCallback callback, Object state, Boolean preserveSyncCtx)
   em System.Threading.Tasks.Task.ExecuteWithThreadLocal(Task& currentTaskSlot)
   em System.Threading.Tasks.Task.ExecuteEntry(Boolean bPreventDoubleExecution)
   em System.Threading.ThreadPoolWorkQueue.Dispatch()

[23:40:23] [1/INFO] [Terraria]: Loaded 7000 vanilla assets
[23:40:53] [12/WARN] [tML]: Silently Caught Exception: 
System.InvalidOperationException: Coleção foi modificada; talvez a operação de enumeração não seja executada.
   em System.ThrowHelper.ThrowInvalidOperationException(ExceptionResource resource)
   em System.Collections.Generic.Dictionary`2.KeyCollection.Enumerator.MoveNext()
   em ResearchFrom14.Common.ResearchPlayer.fillItemsFromCraftingInteractions() na ResearchFrom14\Common\ResearchPlayer.cs:linha 689
   em ResearchFrom14.Common.ResearchPlayer.fillItemsFromCraftingInteractions() na ResearchFrom14\Common\ResearchPlayer.cs:linha 689
   em ResearchFrom14.Common.ResearchPlayer.fillItemsFromCraftingInteractions() na ResearchFrom14\Common\ResearchPlayer.cs:linha 689
   em ResearchFrom14.Common.ResearchPlayer.fillItemsFromCraftingInteractions() na ResearchFrom14\Common\ResearchPlayer.cs:linha 689
   em ResearchFrom14.Common.ResearchPlayer.refreshResearch() na ResearchFrom14\Common\ResearchPlayer.cs:linha 643
   em System.Threading.Tasks.Task.Execute()
   em System.Threading.ExecutionContext.RunInternal(ExecutionContext executionContext, ContextCallback callback, Object state, Boolean preserveSyncCtx)
   em System.Threading.ExecutionContext.Run(ExecutionContext executionContext, ContextCallback callback, Object state, Boolean preserveSyncCtx)
   em System.Threading.Tasks.Task.ExecuteWithThreadLocal(Task& currentTaskSlot)
   em System.Threading.Tasks.Task.ExecuteEntry(Boolean bPreventDoubleExecution)
   em System.Threading.ThreadPoolWorkQueue.Dispatch()

[23:44:40] [20/INFO] [StatusText]: Saving world data
[23:44:41] [20/INFO] [StatusText]: Validating world save
[23:54:40] [35/INFO] [StatusText]: Saving world data
[23:54:41] [35/INFO] [StatusText]: Validating world save
[00:02:08] [1/DEBUG] [tML]: Hook IL.Terraria.Main::UpdateAudio() modified by CalamityModMusic_0
[00:02:08] [7/INFO] [StatusText]: Saving map data
[00:02:10] [7/INFO] [StatusText]: Saving world data
[00:02:11] [7/INFO] [StatusText]: Validating world save
