[22:07:23] [1/INFO] [tML]: Starting tModLoader v0.11.8.4 Win32NT server (29/07/2021)
[22:07:23] [1/INFO] [tML]: Running on NetFramework 4.8
[22:07:23] [1/INFO] [tML]: Engine: FNA
[22:07:23] [1/INFO] [tML]: Executable: G:\SteamLibrary\steamapps\common\tModLoader\tModLoader64BitServer.exe
[22:07:23] [1/INFO] [tML]: Working Directory: G:\SteamLibrary\steamapps\common\tModLoader
[22:07:23] [1/INFO] [tML]: Launch Parameters: -autoshutdown -password -lang 1 -world C:\Users\thrib\Documents\My Games\Terraria\ModLoader\Worlds\PPK_GLX_1337_Reborn.wld -modpath C:\Users\thrib\Documents\My Games\Terraria\ModLoader\Mods -showserverconsole -steam -localsteamid 76561198083711056 -lobby friends -friendsoffriends
[22:07:23] [1/DEBUG] [tML]: Assembly Resolve:  -> MonoMod.RuntimeDetour, Version=19.12.19.1, Culture=neutral, PublicKeyToken=null
[22:07:23] [1/DEBUG] [tML]: Assembly Resolve: MonoMod.RuntimeDetour, Version=19.12.19.1, Culture=neutral, PublicKeyToken=null -> MonoMod.Utils, Version=19.12.19.1, Culture=neutral, PublicKeyToken=null
[22:07:23] [1/DEBUG] [tML]: Assembly Resolve: MonoMod.RuntimeDetour, Version=19.12.19.1, Culture=neutral, PublicKeyToken=null -> Mono.Cecil, Version=0.11.1.0, Culture=neutral, PublicKeyToken=50cebf1cceb9d05e
[22:07:24] [1/DEBUG] [tML]: Assembly Resolve:  -> Ionic.Zip.Reduced, Version=1.9.1.8, Culture=neutral, PublicKeyToken=edbe51ad942a3f5c
[22:07:24] [1/DEBUG] [tML]: Assembly Resolve:  -> FNA, Version=20.4.0.0, Culture=neutral, PublicKeyToken=null
[22:07:24] [1/DEBUG] [tML]: Assembly Resolve:  -> Newtonsoft.Json, Version=10.0.0.0, Culture=neutral, PublicKeyToken=30ad4fe6b2a6aeed
[22:07:24] [1/DEBUG] [tML]: Assembly Resolve: ReLogic, Version=1.0.0.0, Culture=neutral, PublicKeyToken=null -> FNA, Version=17.4.0.0, Culture=neutral, PublicKeyToken=null
[22:07:24] [1/WARN] [tML]: Upgraded Reference FNA -> Version=17.4.0.0 -> 20.4.0.0
[22:07:24] [1/DEBUG] [tML]: Hook On.Terraria.IO.WorldFile::LoadChests(BinaryReader) added by tModLoader
[22:07:24] [1/DEBUG] [tML]: Hook On.Terraria.IO.WorldFile::SaveChests(BinaryWriter) added by tModLoader
[22:07:25] [1/DEBUG] [tML]: Assembly Resolve:  -> Steamworks.NET, Version=9.1.0.0, Culture=neutral, PublicKeyToken=null
[22:07:26] [1/INFO] [tML]: Unloading mods
[22:07:27] [1/INFO] [tML]: Finding Mods...
[22:07:28] [1/INFO] [tML]: Sandboxing: SpiritMod
[22:07:29] [1/INFO] [tML]: Sandboxing: AlchemistNPCLite
[22:07:29] [1/INFO] [tML]: Sandboxing: AutoTrash
[22:07:29] [1/INFO] [tML]: Sandboxing: BaseMod
[22:07:29] [1/INFO] [tML]: Sandboxing: BossChecklist
[22:07:30] [1/INFO] [tML]: Sandboxing: BothEvils
[22:07:30] [1/INFO] [tML]: Sandboxing: CheatExtensions
[22:07:30] [1/INFO] [tML]: Sandboxing: CheatSheet
[22:07:30] [1/INFO] [tML]: Sandboxing: Fargowiltas
[22:07:30] [1/INFO] [tML]: Sandboxing: FunctionalBlockSwap
[22:07:30] [1/INFO] [tML]: Sandboxing: HEROsMod
[22:07:30] [1/INFO] [tML]: Sandboxing: imkSushisMod
[22:07:30] [1/INFO] [tML]: Sandboxing: LansSharedMap
[22:07:30] [1/INFO] [tML]: Sandboxing: LansUnlimitedBuffSlots
[22:07:30] [1/INFO] [tML]: Sandboxing: MagicStorageExtra
[22:07:30] [1/INFO] [tML]: Sandboxing: MaxStackExtra
[22:07:30] [1/INFO] [tML]: Sandboxing: MoreChestLoot
[22:07:31] [1/INFO] [tML]: Sandboxing: RecipeBrowser
[22:07:31] [1/INFO] [tML]: Sandboxing: ResearchFrom14
[22:07:31] [1/INFO] [tML]: Sandboxing: SmartDoors
[22:07:31] [1/INFO] [tML]: Sandboxing: Split
[22:07:31] [1/DEBUG] [tML]: Generating ModuleDefinition for FNA, Version=17.4.0.0, Culture=neutral, PublicKeyToken=null
[22:07:31] [1/DEBUG] [tML]: Generating ModuleDefinition for FNA, Version=17.4.0.0, Culture=neutral, PublicKeyToken=null
[22:07:31] [1/DEBUG] [tML]: Generating ModuleDefinition for FNA, Version=17.4.0.0, Culture=neutral, PublicKeyToken=null
[22:07:31] [1/INFO] [tML]: Sandboxing: UtilityBombMod
[22:07:32] [1/INFO] [tML]: Sandboxing: VeinMiner
[22:07:32] [1/INFO] [tML]: Sandboxing: WeaponOutLite
[22:07:32] [1/INFO] [tML]: Sandboxing: Wildlife
[22:07:32] [1/INFO] [tML]: Instantiating Mods...
[22:07:32] [1/DEBUG] [tML]: Assembly Resolve: SpiritMod_0, Version=0.0.0.0, Culture=neutral, PublicKeyToken=null -> Terraria, Version=1.3.5.3, Culture=neutral, PublicKeyToken=null
[22:07:32] [1/DEBUG] [tML]: Assembly Resolve: AlchemistNPCLite_0, Version=0.0.0.0, Culture=neutral, PublicKeyToken=null -> Terraria, Version=1.3.5.1, Culture=neutral, PublicKeyToken=null
[22:07:32] [1/DEBUG] [tML]: Assembly Resolve: AlchemistNPCLite_0, Version=0.0.0.0, Culture=neutral, PublicKeyToken=null -> FNA, Version=17.3.0.0, Culture=neutral, PublicKeyToken=null
[22:07:32] [1/WARN] [tML]: Upgraded Reference FNA -> Version=17.3.0.0 -> 20.4.0.0
[22:07:33] [1/DEBUG] [tML]: Assembly Resolve: Fargowiltas_0, Version=0.0.0.0, Culture=neutral, PublicKeyToken=null -> MonoMod.RuntimeDetour, Version=20.11.16.1, Culture=neutral, PublicKeyToken=null
[22:07:33] [1/WARN] [tML]: Upgraded Reference MonoMod.RuntimeDetour -> Version=20.11.16.1 -> 19.12.19.1
[22:07:33] [1/DEBUG] [tML]: Assembly Resolve: Fargowiltas_0, Version=0.0.0.0, Culture=neutral, PublicKeyToken=null -> MonoMod.Utils, Version=20.11.16.1, Culture=neutral, PublicKeyToken=null
[22:07:33] [1/WARN] [tML]: Upgraded Reference MonoMod.Utils -> Version=20.11.16.1 -> 19.12.19.1
[22:07:33] [1/WARN] [tML]: Granted native detouring access to Fargowiltas_0
[22:07:33] [1/DEBUG] [tML]: Hook Terraria.ModLoader.ModContent::LoadModContent(CancellationToken, Action`1) -> Fargowiltas.Fargowiltas::LoadHook(Action`2, CancellationToken, Action`1) by Fargowiltas_0
[22:07:33] [1/DEBUG] [tML]: Hook IL.Terraria.ModLoader.ModContent::Load(CancellationToken) modified by Fargowiltas_0
[22:07:33] [1/DEBUG] [tML]: Assembly Resolve: Fargowiltas_0, Version=0.0.0.0, Culture=neutral, PublicKeyToken=null -> Mono.Cecil, Version=0.11.3.0, Culture=neutral, PublicKeyToken=50cebf1cceb9d05e
[22:07:33] [1/WARN] [tML]: Upgraded Reference Mono.Cecil -> Version=0.11.3.0 -> 0.11.1.0
[22:07:35] [1/WARN] [tML]: Tried to forward ErrorLogger.Log for mod WeaponOutLite but failed (mod not found!)
[22:07:35] [1/INFO] [tML]: Initializing: ModLoader v0.11.8.4
[22:07:35] [1/INFO] [tML]: Initializing: SpiritMod v1.4.2.3
[22:07:35] [1/DEBUG] [tML]: Assembly Resolve: SpiritMod_0, Version=0.0.0.0, Culture=neutral, PublicKeyToken=null -> TerrariaHooks, Version=0.0.0.0, Culture=neutral, PublicKeyToken=null
[22:07:35] [1/DEBUG] [tML]: Hook On.Terraria.Main::DrawProjectiles() added by SpiritMod_0
[22:07:35] [1/DEBUG] [tML]: Hook On.Terraria.Main::DrawNPC(int, bool) added by SpiritMod_0
[22:07:36] [1/DEBUG] [tML]: Hook On.Terraria.Projectile::NewProjectile(float, float, float, float, int, int, float, int, float, float) added by SpiritMod_0
[22:07:36] [1/DEBUG] [tML]: Hook On.Terraria.Player::KeyDoubleTap(int) added by SpiritMod_0
[22:07:36] [1/DEBUG] [tML]: Hook On.Terraria.Main::DrawDust() added by SpiritMod_0
[22:07:36] [1/DEBUG] [tML]: Hook On.Terraria.Player::ToggleInv() added by SpiritMod_0
[22:07:36] [1/DEBUG] [tML]: Hook On.Terraria.Main::DrawInterface(GameTime) added by SpiritMod_0
[22:07:36] [1/DEBUG] [tML]: Hook On.Terraria.Localization.LanguageManager::GetTextValue(string) added by SpiritMod_0
[22:07:36] [1/DEBUG] [tML]: Hook IL.Terraria.Player::ItemCheck(int) modified by SpiritMod_0
[22:07:36] [1/INFO] [tML]: Initializing: AlchemistNPCLite v1.7.4
[22:07:37] [1/INFO] [tML]: Initializing: AutoTrash v0.5.1
[22:07:37] [1/INFO] [tML]: Initializing: BaseMod v2.0.0.0
[22:07:37] [1/INFO] [tML]: Initializing: BossChecklist v1.1.5.5
[22:07:37] [1/DEBUG] [tML]: Hook On.Terraria.GameContent.Events.DD2Event::WinInvasionInternal() added by BossChecklist_0
[22:07:37] [1/INFO] [BossChecklist]: Boss Log integration messages will not be logged.
[22:07:37] [1/INFO] [tML]: Initializing: BothEvils v3.1
[22:07:37] [1/INFO] [tML]: Initializing: CheatExtensions v0.1.3
[22:07:37] [1/INFO] [tML]: Initializing: CheatSheet v0.6.6.4
[22:07:37] [1/INFO] [tML]: Initializing: FunctionalBlockSwap v1.0.6.5
[22:07:37] [1/DEBUG] [tML]: Hook On.Terraria.Player::PlaceThing() added by FunctionalBlockSwap_0
[22:07:38] [1/INFO] [tML]: Initializing: HEROsMod v0.3.6.2
[22:07:38] [1/INFO] [tML]: Initializing: imkSushisMod v4.3.1
[22:07:38] [1/INFO] [tML]: Initializing: LansSharedMap v0.21
[22:07:38] [1/DEBUG] [tML]: Hook IL.Terraria.Map.WorldMap::ConsumeUpdate(int, int) modified by LansSharedMap_0
[22:07:38] [1/INFO] [tML]: Initializing: LansUnlimitedBuffSlots v0.2.1
[22:07:38] [1/INFO] [tML]: Initializing: MagicStorageExtra v0.5.4.0
[22:07:38] [1/DEBUG] [tML]: Hook On.Terraria.NetMessage::SendData(int, int, int, NetworkText, int, float, float, float, int, int, int) added by MagicStorageExtra_0
[22:07:38] [1/DEBUG] [tML]: Hook On.Terraria.MessageBuffer::GetData(int, int, out int) added by MagicStorageExtra_0
[22:07:39] [1/INFO] [tML]: Initializing: MaxStackExtra v1.1.0.4
[22:07:39] [1/INFO] [tML]: Initializing: MoreChestLoot v0.6
[22:07:39] [1/INFO] [tML]: Initializing: RecipeBrowser v0.8.9
[22:07:39] [1/DEBUG] [tML]: Hook On.Terraria.Player::AdjTiles() added by RecipeBrowser_0
[22:07:39] [1/INFO] [tML]: Initializing: ResearchFrom14 v2.0
[22:07:39] [1/INFO] [tML]: Initializing: SmartDoors v1.3.3
[22:07:39] [1/DEBUG] [tML]: Assembly Resolve: SmartDoors_0, Version=0.0.0.0, Culture=neutral, PublicKeyToken=null -> MonoMod.Utils, Version=20.5.14.1, Culture=neutral, PublicKeyToken=null
[22:07:39] [1/WARN] [tML]: Upgraded Reference MonoMod.Utils -> Version=20.5.14.1 -> 19.12.19.1
[22:07:39] [1/DEBUG] [tML]: Hook IL.Terraria.Player::Update(int) modified by SmartDoors_0
[22:07:39] [1/DEBUG] [tML]: Assembly Resolve: SmartDoors_0, Version=0.0.0.0, Culture=neutral, PublicKeyToken=null -> Mono.Cecil, Version=0.11.2.0, Culture=neutral, PublicKeyToken=50cebf1cceb9d05e
[22:07:39] [1/WARN] [tML]: Upgraded Reference Mono.Cecil -> Version=0.11.2.0 -> 0.11.1.0
[22:07:39] [1/DEBUG] [tML]: Hook IL.Terraria.Player::DashMovement() modified by SmartDoors_0
[22:07:40] [1/INFO] [tML]: Initializing: Split v0.4.0.14
[22:07:40] [1/INFO] [tML]: Initializing: UtilityBombMod v0.2.5
[22:07:40] [1/INFO] [tML]: Initializing: VeinMiner v1.3.1
[22:07:40] [1/DEBUG] [tML]: Web Request: http://textuploader.com/dhrr7/raw
[22:07:40] [1/DEBUG] [tML]: Web Request: https://textuploader.com/dhrr7/raw
[22:07:41] [1/INFO] [tML]: Initializing: WeaponOutLite v0.1
[22:07:41] [1/INFO] [tML]: Initializing: Wildlife v0.14
[22:07:41] [1/INFO] [tML]: Initializing: Fargowiltas v2.4
[22:07:41] [1/INFO] [tML]: Setting up...
[22:07:41] [1/INFO] [tML]: Loading: ModLoader v0.11.8.4
[22:07:41] [1/INFO] [tML]: Loading: SpiritMod v1.4.2.3
[22:07:43] [1/DEBUG] [SpiritMod]: Sound looper Sounds/NighttimeAmbience being created. Style: 0
[22:07:43] [1/WARN] [SpiritMod]: Couldn't create SoundLooper object properly! style: 0 name: Sounds/NighttimeAmbience type: Custom
[22:07:43] [1/DEBUG] [SpiritMod]: Sound looper Sounds/WavesAmbience being created. Style: 0
[22:07:43] [1/WARN] [SpiritMod]: Couldn't create SoundLooper object properly! style: 0 name: Sounds/WavesAmbience type: Custom
[22:07:43] [1/DEBUG] [SpiritMod]: Sound looper Sounds/LightWind being created. Style: 0
[22:07:43] [1/WARN] [SpiritMod]: Couldn't create SoundLooper object properly! style: 0 name: Sounds/LightWind type: Custom
[22:07:43] [1/DEBUG] [SpiritMod]: Sound looper Sounds/DesertWind being created. Style: 0
[22:07:43] [1/WARN] [SpiritMod]: Couldn't create SoundLooper object properly! style: 0 name: Sounds/DesertWind type: Custom
[22:07:43] [1/DEBUG] [SpiritMod]: Sound looper Sounds/CaveAmbience being created. Style: 0
[22:07:43] [1/WARN] [SpiritMod]: Couldn't create SoundLooper object properly! style: 0 name: Sounds/CaveAmbience type: Custom
[22:07:43] [1/DEBUG] [SpiritMod]: Sound looper Sounds/SpookyAmbience being created. Style: 0
[22:07:43] [1/WARN] [SpiritMod]: Couldn't create SoundLooper object properly! style: 0 name: Sounds/SpookyAmbience type: Custom
[22:07:43] [1/DEBUG] [SpiritMod]: Sound looper Sounds/BossSFX/Scarab_Wings being created. Style: 0
[22:07:43] [1/WARN] [SpiritMod]: Couldn't create SoundLooper object properly! style: 0 name: Sounds/BossSFX/Scarab_Wings type: Custom
[22:07:43] [1/INFO] [tML]: Loading: AlchemistNPCLite v1.7.4
[22:07:43] [1/INFO] [tML]: Loading: AutoTrash v0.5.1
[22:07:43] [1/INFO] [tML]: Loading: BaseMod v2.0.0.0
[22:07:43] [1/INFO] [tML]: Loading: BossChecklist v1.1.5.5
[22:07:43] [1/INFO] [tML]: Loading: BothEvils v3.1
[22:07:44] [1/INFO] [tML]: Loading: CheatExtensions v0.1.3
[22:07:44] [1/INFO] [tML]: Loading: CheatSheet v0.6.6.4
[22:07:44] [1/INFO] [tML]: Loading: FunctionalBlockSwap v1.0.6.5
[22:07:44] [1/INFO] [tML]: Loading: HEROsMod v0.3.6.2
[22:07:44] [1/INFO] [tML]: Loading: imkSushisMod v4.3.1
[22:07:44] [1/INFO] [tML]: Loading: LansSharedMap v0.21
[22:07:44] [1/INFO] [tML]: Loading: LansUnlimitedBuffSlots v0.2.1
[22:07:45] [1/INFO] [tML]: Loading: MagicStorageExtra v0.5.4.0
[22:07:45] [1/INFO] [tML]: Loading: MaxStackExtra v1.1.0.4
[22:07:45] [1/INFO] [tML]: Loading: MoreChestLoot v0.6
[22:07:45] [1/INFO] [tML]: Loading: RecipeBrowser v0.8.9
[22:07:45] [1/INFO] [tML]: Loading: ResearchFrom14 v2.0
[22:07:45] [1/INFO] [tML]: Loading: SmartDoors v1.3.3
[22:07:45] [1/INFO] [tML]: Loading: Split v0.4.0.14
[22:07:46] [1/INFO] [tML]: Loading: UtilityBombMod v0.2.5
[22:07:46] [1/INFO] [tML]: Loading: VeinMiner v1.3.1
[22:07:47] [1/INFO] [tML]: Loading: WeaponOutLite v0.1
[22:07:47] [1/INFO] [tML]: Loading: Wildlife v0.14
[22:07:47] [1/INFO] [tML]: Loading: Fargowiltas v2.4
[22:07:47] [1/INFO] [tML]: RAM usage: 946.7 MB
[22:07:47] [1/INFO] [tML]: Adding Recipes...
[22:07:48] [6/INFO] [Terraria]: Loading World: PPK GLX 1337 Reborn, IsCloud=False
[22:07:48] [6/INFO] [StatusText]: Resetting game objects
[22:07:50] [6/INFO] [StatusText]: Loading world data
[22:07:53] [6/INFO] [StatusText]: Settling liquids
[22:07:55] [7/INFO] [Terraria]: 127.0.0.1:56432 is connecting...
[22:07:56] [1/INFO] [Terraria]: Running one update...
[22:07:56] [1/INFO] [tML]: Server starting with AllowVanillaClients set to False
[22:07:56] [1/DEBUG] [tML]: Fallback synchronization context assigned
[22:07:56] [1/INFO] [Terraria]: Sending Server Config AlchemistNPCLite ModConfiguration: {}
[22:07:56] [1/INFO] [Terraria]: Sending Server Config AutoTrash AutoTrashServerConfig: {}
[22:07:56] [1/INFO] [Terraria]: Sending Server Config BothEvils BothEvilsConfig: {}
[22:07:56] [1/INFO] [Terraria]: Sending Server Config CheatExtensions Config: {}
[22:07:56] [1/INFO] [Terraria]: Sending Server Config CheatSheet CheatSheetServerConfig: {}
[22:07:56] [1/INFO] [Terraria]: Sending Server Config HEROsMod HEROsModServerConfig: {}
[22:07:56] [1/INFO] [Terraria]: Sending Server Config LansUnlimitedBuffSlots Config: {}
[22:07:56] [1/INFO] [Terraria]: Sending Server Config MaxStackExtra MaxStackExtraConfig: {}
[22:07:56] [1/INFO] [Terraria]: Sending Server Config ResearchFrom14 Config: {"autoShiftResearch":true,"allowCraftFromResearch":true,"buttonAlwaysOn":true,"shareWithTeam":true,"PartsCompat":true}
[22:07:56] [1/INFO] [Terraria]: Sending Server Config ResearchFrom14 ExceptionListConfig: {}
[22:07:56] [1/INFO] [Terraria]: Sending Server Config UtilityBombMod Config: {}
[22:07:56] [1/INFO] [Terraria]: Sending Server Config Fargowiltas FargoConfig: {"Halloween":true,"Christmas":true}
[22:07:56] [6/INFO] [Terraria]: JIT loading finished
[22:07:57] [1/INFO] [Terraria]: Listening on port 7777
[22:08:00] [1/INFO] [Terraria]: Giorgio has joined.
[22:09:25] [1/WARN] [tML]: Silently Caught Exception: 
System.IndexOutOfRangeException: Index was outside the bounds of the array.
   at Terraria.Player.GetModPlayer(Nullable`1 index)
   at Terraria.Player.GetModPlayer[T]()
   at ResearchFrom14.ResearchFrom14.HandlePacket(BinaryReader reader, Int32 whoAmI) in ResearchFrom14.cs:line 303
   at Terraria.ModLoader.ModNet.HandleModPacket(BinaryReader reader, Int32 whoAmI, Int32 length)
   at DMD<Terraria.MessageBuffer::GetData>(MessageBuffer , Int32 , Int32 , Int32& )
   at MagicStorageExtra.Edits.Detours.Vanilla.MessageBuffer_GetData(orig_GetData orig, MessageBuffer self, Int32 start, Int32 length, Int32& messageType) in MagicStorageExtra\Edits\Detours\Vanilla.NetMessage.cs:line 162
   at DMD<DMD<Hook<Terraria.MessageBuffer::GetData>?10150116>?24242180::Hook<Terraria.MessageBuffer::GetData>?10150116>(MessageBuffer , Int32 , Int32 , Int32& )
   at Terraria.NetMessage.CheckBytes(Int32 bufferIndex)
   at Terraria.Netplay.<>c.<ServerLoop>b__44_2()
   at System.Threading.Tasks.Task.Execute()
   at System.Threading.ExecutionContext.RunInternal(ExecutionContext executionContext, ContextCallback callback, Object state, Boolean preserveSyncCtx)
   at System.Threading.ExecutionContext.Run(ExecutionContext executionContext, ContextCallback callback, Object state, Boolean preserveSyncCtx)
   at System.Threading.Tasks.Task.ExecuteWithThreadLocal(Task& currentTaskSlot)
   at System.Threading.Tasks.Task.ExecuteEntry(Boolean bPreventDoubleExecution)
   at System.Threading.Tasks.ThreadPoolTaskScheduler.TryExecuteTaskInline(Task task, Boolean taskWasPreviouslyQueued)
   at System.Threading.Tasks.TaskScheduler.TryRunInline(Task task, Boolean taskWasPreviouslyQueued)
   at System.Threading.Tasks.Task.InternalRunSynchronously(TaskScheduler scheduler, Boolean waitForCompletion)
   at Terraria.Netplay.OnUpdate()
   at Terraria.Main.DoUpdate(GameTime gameTime)
   at Terraria.Main.Update(GameTime gameTime)
   at Terraria.Main.DedServ()
   at Terraria.Program.LaunchGame_()
   at Terraria.Program.LaunchGame(String[] args, Boolean monoArgs)
   at Terraria.FNALaunch.Main(String[] args)

[22:09:43] [1/INFO] [Terraria]: Sending Server Config AlchemistNPCLite ModConfiguration: {}
[22:09:43] [1/INFO] [Terraria]: Sending Server Config AutoTrash AutoTrashServerConfig: {}
[22:09:43] [1/INFO] [Terraria]: Sending Server Config BothEvils BothEvilsConfig: {}
[22:09:43] [1/INFO] [Terraria]: Sending Server Config CheatExtensions Config: {}
[22:09:43] [1/INFO] [Terraria]: Sending Server Config CheatSheet CheatSheetServerConfig: {}
[22:09:43] [1/INFO] [Terraria]: Sending Server Config HEROsMod HEROsModServerConfig: {}
[22:09:43] [1/INFO] [Terraria]: Sending Server Config LansUnlimitedBuffSlots Config: {}
[22:09:43] [1/INFO] [Terraria]: Sending Server Config MaxStackExtra MaxStackExtraConfig: {}
[22:09:43] [1/INFO] [Terraria]: Sending Server Config ResearchFrom14 Config: {"autoShiftResearch":true,"allowCraftFromResearch":true,"buttonAlwaysOn":true,"shareWithTeam":true,"PartsCompat":true}
[22:09:43] [1/INFO] [Terraria]: Sending Server Config ResearchFrom14 ExceptionListConfig: {}
[22:09:43] [1/INFO] [Terraria]: Sending Server Config UtilityBombMod Config: {}
[22:09:43] [1/INFO] [Terraria]: Sending Server Config Fargowiltas FargoConfig: {"Halloween":true,"Christmas":true}
[22:09:47] [1/INFO] [Terraria]: Pog has joined.
[22:10:01] [1/WARN] [tML]: Silently Caught Exception: 
System.IndexOutOfRangeException: Index was outside the bounds of the array.
   at Terraria.ModLoader.ItemLoader.CanUseItem(Item item, Player player)
   at DMD<Terraria.Player::ItemCheck>(Player , Int32 )
   at Terraria.Player.ItemCheckWrapped(Int32 i)
   at DMD<Terraria.Player::Update>(Player , Int32 )
   at Terraria.Main.DoUpdate(GameTime gameTime)
   at Terraria.Main.Update(GameTime gameTime)
   at Terraria.Main.DedServ()
   at Terraria.Program.LaunchGame_()
   at Terraria.Program.LaunchGame(String[] args, Boolean monoArgs)
   at Terraria.FNALaunch.Main(String[] args)

[22:11:00] [1/INFO] [ResearchFrom14]: Inititalizing Research System...
[22:11:02] [19/WARN] [tML]: Silently Caught Exception: 
System.NullReferenceException: Referência de objeto não definida para uma instância de um objeto.
   em SpiritMod.Items.Halloween.Candy.SetDefaults() na SpiritMod\Items\Halloween\Candy.cs:linha 46
   em Terraria.ModLoader.ItemLoader.SetDefaults(Item item, Boolean createModItem)
   em Terraria.Item.SetDefaults(Int32 Type, Boolean noMatCheck)
   em ResearchFrom14.Common.ResearchTable.FillResearchTable() na ResearchFrom14\Common\ResearchTable.cs:linha 106
   em System.Threading.Tasks.Task.Execute()
   em System.Threading.ExecutionContext.RunInternal(ExecutionContext executionContext, ContextCallback callback, Object state, Boolean preserveSyncCtx)
   em System.Threading.ExecutionContext.Run(ExecutionContext executionContext, ContextCallback callback, Object state, Boolean preserveSyncCtx)
   em System.Threading.Tasks.Task.ExecuteWithThreadLocal(Task& currentTaskSlot)
   em System.Threading.Tasks.Task.ExecuteEntry(Boolean bPreventDoubleExecution)
   em System.Threading.ThreadPoolWorkQueue.Dispatch()

[22:11:02] [19/WARN] [ResearchFrom14]: Item id: 4576 Threw an exception on SetDefaults and will be unresearchable:
   em SpiritMod.Items.Halloween.Candy.SetDefaults() na SpiritMod\Items\Halloween\Candy.cs:linha 46
   em Terraria.ModLoader.ItemLoader.SetDefaults(Item item, Boolean createModItem)
   em Terraria.Item.SetDefaults(Int32 Type, Boolean noMatCheck)
   em ResearchFrom14.Common.ResearchTable.FillResearchTable() na ResearchFrom14\Common\ResearchTable.cs:linha 106
[22:11:03] [19/INFO] [ResearchFrom14]: Research System: Applying Difficulty...
[22:11:03] [19/INFO] [ResearchFrom14]: Research System Initialized.
[22:15:22] [1/WARN] [tML]: Silently Caught Exception: 
System.ArgumentOutOfRangeException: Index was out of range. Must be non-negative and less than the size of the collection.
Parameter name: index
   at System.ThrowHelper.ThrowArgumentOutOfRangeException(ExceptionArgument argument, ExceptionResource resource)
   at System.Collections.Generic.List`1.get_Item(Int32 index)
   at SpiritMod.Tide.TideNPC.EditSpawnPool(IDictionary`2 pool, NPCSpawnInfo spawnInfo) in SpiritMod\Tide\TideNPC.cs:line 77
   at Terraria.ModLoader.NPCLoader.ChooseSpawn(NPCSpawnInfo spawnInfo)
   at Terraria.NPC.SpawnNPC()
   at Terraria.Main.DoUpdate(GameTime gameTime)
   at Terraria.Main.Update(GameTime gameTime)
   at Terraria.Main.DedServ()
   at Terraria.Program.LaunchGame_()
   at Terraria.Program.LaunchGame(String[] args, Boolean monoArgs)
   at Terraria.FNALaunch.Main(String[] args)

[22:15:37] [1/WARN] [tML]: Silently Caught Exception: 
System.ArgumentOutOfRangeException: Index was out of range. Must be non-negative and less than the size of the collection.
Parameter name: index
   at System.ThrowHelper.ThrowArgumentOutOfRangeException(ExceptionArgument argument, ExceptionResource resource)
   at System.Collections.Generic.List`1.get_Item(Int32 index)
   at SpiritMod.Tide.TideNPC.NPCLoot(NPC npc) in SpiritMod\Tide\TideNPC.cs:line 88
   at Terraria.ModLoader.NPCLoader.NPCLoot(NPC npc)
   at Terraria.NPC.NPCLoot()
   at Terraria.NPC.checkDead()
   at Terraria.NPC.StrikeNPC(Int32 Damage, Single knockBack, Int32 hitDirection, Boolean crit, Boolean noEffect, Boolean fromNet)
   at Terraria.NPC.UpdateNPC_BuffApplyDOTs()
   at Terraria.NPC.UpdateNPC(Int32 i)
   at Terraria.Main.DoUpdate(GameTime gameTime)
   at Terraria.Main.Update(GameTime gameTime)
   at Terraria.Main.DedServ()
   at Terraria.Program.LaunchGame_()
   at Terraria.Program.LaunchGame(String[] args, Boolean monoArgs)
   at Terraria.FNALaunch.Main(String[] args)

[22:16:57] [1/WARN] [tML]: Silently Caught Exception: 
System.Net.Sockets.SocketException: Uma conexão estabelecida foi anulada pelo software no computador host
   at System.Net.Sockets.Socket.BeginSend(Byte[] buffer, Int32 offset, Int32 size, SocketFlags socketFlags, AsyncCallback callback, Object state)
   at System.Net.Sockets.NetworkStream.BeginWrite(Byte[] buffer, Int32 offset, Int32 size, AsyncCallback callback, Object state)
   at DMD<Terraria.NetMessage::SendData>(Int32 , Int32 , Int32 , NetworkText , Int32 , Single , Single , Single , Int32 , Int32 , Int32 )
   at MagicStorageExtra.Edits.Detours.Vanilla.NetMessage_SendData(orig_SendData orig, Int32 msgType, Int32 remoteClient, Int32 ignoreClient, NetworkText text, Int32 number, Single number2, Single number3, Single number4, Int32 number5, Int32 number6, Int32 number7) in MagicStorageExtra\Edits\Detours\Vanilla.NetMessage.cs:line 21
   at DMD<DMD<Hook<Terraria.NetMessage::SendData>?29921235>?855661::Hook<Terraria.NetMessage::SendData>?29921235>(Int32 , Int32 , Int32 , NetworkText , Int32 , Single , Single , Single , Int32 , Int32 , Int32 )
   at DMD<Terraria.MessageBuffer::GetData>(MessageBuffer , Int32 , Int32 , Int32& )
   at MagicStorageExtra.Edits.Detours.Vanilla.MessageBuffer_GetData(orig_GetData orig, MessageBuffer self, Int32 start, Int32 length, Int32& messageType) in MagicStorageExtra\Edits\Detours\Vanilla.NetMessage.cs:line 162
   at DMD<DMD<Hook<Terraria.MessageBuffer::GetData>?10150116>?24242180::Hook<Terraria.MessageBuffer::GetData>?10150116>(MessageBuffer , Int32 , Int32 , Int32& )
   at Terraria.NetMessage.CheckBytes(Int32 bufferIndex)
   at Terraria.Netplay.<>c.<ServerLoop>b__44_2()
   at System.Threading.Tasks.Task.Execute()
   at System.Threading.ExecutionContext.RunInternal(ExecutionContext executionContext, ContextCallback callback, Object state, Boolean preserveSyncCtx)
   at System.Threading.ExecutionContext.Run(ExecutionContext executionContext, ContextCallback callback, Object state, Boolean preserveSyncCtx)
   at System.Threading.Tasks.Task.ExecuteWithThreadLocal(Task& currentTaskSlot)
   at System.Threading.Tasks.Task.ExecuteEntry(Boolean bPreventDoubleExecution)
   at System.Threading.Tasks.ThreadPoolTaskScheduler.TryExecuteTaskInline(Task task, Boolean taskWasPreviouslyQueued)
   at System.Threading.Tasks.TaskScheduler.TryRunInline(Task task, Boolean taskWasPreviouslyQueued)
   at System.Threading.Tasks.Task.InternalRunSynchronously(TaskScheduler scheduler, Boolean waitForCompletion)
   at Terraria.Netplay.OnUpdate()
   at Terraria.Main.DoUpdate(GameTime gameTime)
   at Terraria.Main.Update(GameTime gameTime)
   at Terraria.Main.DedServ()
   at Terraria.Program.LaunchGame_()
   at Terraria.Program.LaunchGame(String[] args, Boolean monoArgs)
   at Terraria.FNALaunch.Main(String[] args)

[22:16:57] [1/WARN] [tML]: Silently Caught Exception: 
System.IO.IOException: Unable to write data to the transport connection: Uma conexão estabelecida foi anulada pelo software no computador host.
   at System.Net.Sockets.NetworkStream.BeginWrite(Byte[] buffer, Int32 offset, Int32 size, AsyncCallback callback, Object state)
   at DMD<Terraria.NetMessage::SendData>(Int32 , Int32 , Int32 , NetworkText , Int32 , Single , Single , Single , Int32 , Int32 , Int32 )
   at MagicStorageExtra.Edits.Detours.Vanilla.NetMessage_SendData(orig_SendData orig, Int32 msgType, Int32 remoteClient, Int32 ignoreClient, NetworkText text, Int32 number, Single number2, Single number3, Single number4, Int32 number5, Int32 number6, Int32 number7) in MagicStorageExtra\Edits\Detours\Vanilla.NetMessage.cs:line 21
   at DMD<DMD<Hook<Terraria.NetMessage::SendData>?29921235>?855661::Hook<Terraria.NetMessage::SendData>?29921235>(Int32 , Int32 , Int32 , NetworkText , Int32 , Single , Single , Single , Int32 , Int32 , Int32 )
   at DMD<Terraria.MessageBuffer::GetData>(MessageBuffer , Int32 , Int32 , Int32& )
   at MagicStorageExtra.Edits.Detours.Vanilla.MessageBuffer_GetData(orig_GetData orig, MessageBuffer self, Int32 start, Int32 length, Int32& messageType) in MagicStorageExtra\Edits\Detours\Vanilla.NetMessage.cs:line 162
   at DMD<DMD<Hook<Terraria.MessageBuffer::GetData>?10150116>?24242180::Hook<Terraria.MessageBuffer::GetData>?10150116>(MessageBuffer , Int32 , Int32 , Int32& )
   at Terraria.NetMessage.CheckBytes(Int32 bufferIndex)
   at Terraria.Netplay.<>c.<ServerLoop>b__44_2()
   at System.Threading.Tasks.Task.Execute()
   at System.Threading.ExecutionContext.RunInternal(ExecutionContext executionContext, ContextCallback callback, Object state, Boolean preserveSyncCtx)
   at System.Threading.ExecutionContext.Run(ExecutionContext executionContext, ContextCallback callback, Object state, Boolean preserveSyncCtx)
   at System.Threading.Tasks.Task.ExecuteWithThreadLocal(Task& currentTaskSlot)
   at System.Threading.Tasks.Task.ExecuteEntry(Boolean bPreventDoubleExecution)
   at System.Threading.Tasks.ThreadPoolTaskScheduler.TryExecuteTaskInline(Task task, Boolean taskWasPreviouslyQueued)
   at System.Threading.Tasks.TaskScheduler.TryRunInline(Task task, Boolean taskWasPreviouslyQueued)
   at System.Threading.Tasks.Task.InternalRunSynchronously(TaskScheduler scheduler, Boolean waitForCompletion)
   at Terraria.Netplay.OnUpdate()
   at Terraria.Main.DoUpdate(GameTime gameTime)
   at Terraria.Main.Update(GameTime gameTime)
   at Terraria.Main.DedServ()
   at Terraria.Program.LaunchGame_()
   at Terraria.Program.LaunchGame(String[] args, Boolean monoArgs)
   at Terraria.FNALaunch.Main(String[] args)

[22:16:57] [1/INFO] [Terraria]: Giorgio has left.
[22:16:57] [1/INFO] [Terraria]: Local player left. Autoshutdown starting.
[22:16:58] [1/INFO] [StatusText]: Saving world data
[22:16:58] [1/INFO] [StatusText]: Validating world save
[22:17:00] [10/INFO] [StatusText]: Saving world data
[22:17:00] [10/INFO] [StatusText]: Validating world save
